1
                 Chemistry at HARvard Macromolecular Mechanics
           (CHARMM) - Developmental Version 42b1     August 15, 2017            
       Copyright(c) 1984-2014  President and Fellows of Harvard College
                              All Rights Reserved
  Current operating system: Linux-3.10.0-862.9.1.el7.x86_64(x86_64)@cgprod.cc   
                 Created on 11/21/18 at  2:32:42 by user: apache      

            Maximum number of ATOMS:    360720, and RESidues:      120240
 RDTITL> * GENERATED BY CHARMM-GUI (HTTP://WWW.CHARMM-GUI.ORG) V2.0 ON NOV, 21. 2018. JOBID=1542785260
 RDTITL> * DETERMINE THE SYSTEM SIZE IN XY
 RDTITL> *
  
 CHARMM>     
  
 CHARMM>    DIMENS CHSIZE 3000000 MAXRES 3000000
Size      Original         New
MAXA        360720     3000000
MAXB        360720     3000000
MAXT        721440     6000000
MAXP       1082160     9000000
MAXIMP      180360     1500000
MAXNB        90180      750000
MAXPAD      360720     3000000
MAXRES      120240     3000000
MAXSEG       45090      375000
MAXATC        1400
MAXCB         3000
MAXCT        50000
MAXCP        20000
MAXCI         1200
MAXCH         6400
MAXCN       502503
MAXCRT      120240     1000000
  
 CHARMM>     
  
 CHARMM>    ! Read martini topology and parameter files
 CHARMM>    stream martini_toppar.str
 VOPEN> Attempting to open::martini_toppar.str::
 OPNLGU> Unit 99 opened for READONLY access to /home/charmm-gui/data/www/1542785260/martini_toppar.str

                    INPUT STREAM SWITCHING TO UNIT    99
 RDTITL> * GENERATED BY CHARMM-GUI (HTTP://WWW.CHARMM-GUI.ORG) V2.0 ON NOV, 21. 2018. JOBID=1542785260
 RDTITL> * MARTINI FF
 RDTITL> *
 Parameter: IN1 <- "" <empty>
  
 CHARMM>     
  
 CHARMM>    open read card unit 10 name toppar/martini_v2.0p_lipids_all_201506.rtf
 VOPEN> Attempting to open::toppar/martini_v2.0p_lipids_all_201506.rtf::
 OPNLGU> Unit 10 opened for READONLY access to /home/charmm-gui/data/www/1542785260/toppar/martini_v2.0p_lipids_all_201506.rtf
  
 CHARMM>    read  rtf card unit 10
 MAINIO> Residue topology file being read from unit  10.
 TITLE> *MARTINI FF PARAMETER IN CHARMM FORMAT
 TITLE> 36   1
  
 CHARMM>     
  
 CHARMM>    open read card unit 10 name toppar/martini_v2.0_ions.rtf
 OPNLGU> Unit already open. The old file will be closed first.
 VCLOSE: Closing unit   10 with status "KEEP"
 VOPEN> Attempting to open::toppar/martini_v2.0_ions.rtf::
 OPNLGU> Unit 10 opened for READONLY access to /home/charmm-gui/data/www/1542785260/toppar/martini_v2.0_ions.rtf
  
 CHARMM>    read  rtf card unit 10 append
 MAINIO> Residue topology file being read from unit  10.
 TITLE> *MARTINI FF PARAMETER IN CHARMM FORMAT
 TITLE> 36   1
  
 CHARMM>     
  
 CHARMM>    open read card unit 10 name toppar/martini_v2.2p_aminoacids.rtf
 OPNLGU> Unit already open. The old file will be closed first.
 VCLOSE: Closing unit   10 with status "KEEP"
 VOPEN> Attempting to open::toppar/martini_v2.2p_aminoacids.rtf::
 OPNLGU> Unit 10 opened for READONLY access to /home/charmm-gui/data/www/1542785260/toppar/martini_v2.2p_aminoacids.rtf
  
 CHARMM>    read  rtf card unit 10 append
 MAINIO> Residue topology file being read from unit  10.
 TITLE> *MARTINI FF PARAMETER IN CHARMM FORMAT
 TITLE> 36   1
  
 CHARMM>     
  
 CHARMM>    open read card unit 10 name toppar/martini_waterp.rtf
 OPNLGU> Unit already open. The old file will be closed first.
 VCLOSE: Closing unit   10 with status "KEEP"
 VOPEN> Attempting to open::toppar/martini_waterp.rtf::
 OPNLGU> Unit 10 opened for READONLY access to /home/charmm-gui/data/www/1542785260/toppar/martini_waterp.rtf
  
 CHARMM>    read  rtf card unit 10 append
 MAINIO> Residue topology file being read from unit  10.
 TITLE> *GENERATE BY YFQI
 TITLE> 36   1
  
 CHARMM>     
  
 CHARMM>    open read card unit 20 name toppar/martini_v2.2p.prm
 VOPEN> Attempting to open::toppar/martini_v2.2p.prm::
 OPNLGU> Unit 20 opened for READONLY access to /home/charmm-gui/data/www/1542785260/toppar/martini_v2.2p.prm
  
 CHARMM>    read para card unit 20 flex

          PARAMETER FILE BEING READ FROM UNIT 20
 TITLE> *MARTINI FF PARAMETER IN CHARMM FORMAT
 TITLE> *
 PARRDR> Error: Repeated BOND parameter (     1): NA    C1   is replaced
 PARRDR> Error: Repeated BOND parameter (     7): C1    C1   is replaced
 PARRDR> Error: Repeated BOND parameter (    12): C3    C1   is replaced
 PARRDR> Error: Repeated BOND parameter (     1): NA    C1   is replaced
 PARRDR> Error: Repeated BOND parameter (     7): C1    C1   is replaced
 PARRDR> Error: Repeated BOND parameter (    13): QA    Q0   is replaced
 PARRDR> Error: Repeated ANGLE parameter (    13): C1    C3    C1   is replaced
 PARRDR> Error: Repeated ANGLE parameter (    14): C3    C1    C1   is replaced
 PARRDR> Error: Repeated ANGLE parameter (     1): NA    C1    C1   is replaced
 PARRDR> Error: Repeated ANGLE parameter (     7): C1    C1    C1   is replaced
PARRDR>   27 NEGATIVE ANGLE MINIMA FOUND!
GROMACS style angle energy function used for angles with negative minima.
 PARMIO> NONBOND, HBOND lists and IMAGE atoms cleared.
  
 CHARMM>     
  
 CHARMM>    open read card unit 20 name toppar/martini_v2.2p_aminoacids.auto.prm
 OPNLGU> Unit already open. The old file will be closed first.
 VCLOSE: Closing unit   20 with status "KEEP"
 VOPEN> Attempting to open::toppar/martini_v2.2p_aminoacids.auto.prm::
 OPNLGU> Unit 20 opened for READONLY access to /home/charmm-gui/data/www/1542785260/toppar/martini_v2.2p_aminoacids.auto.prm
  
 CHARMM>    read para card unit 20 append flex

          PARAMETER FILE BEING READ FROM UNIT 20
 TITLE> *MARTINI FF PARAMETER IN CHARMM FORMAT
 TITLE> *
 PARRDR> Error: Repeated BOND parameter (   315): NDAE  NDAT is replaced
 PARRDR> Error: Repeated BOND parameter (   216): NDAT  NDX1 is replaced
 PARRDR> Error: Repeated BOND parameter (   219): NDAT  NDAX is replaced
 PARRDR> Error: Repeated BOND parameter (   335): NDAT  P5B  is replaced
 PARRDR> Error: Repeated BOND parameter (   303): NDAT  P5C  is replaced
 PARRDR> Error: Repeated BOND parameter (   237): N0X   NDAT is replaced
 PARRDR> Error: Repeated BOND parameter (   243): NAX2  NDAT is replaced
 PARRDR> Error: Repeated ANGLE parameter (   350): C5X   N0X3  NDAT is replaced
 PARRDR> Error: Repeated ANGLE parameter (   656): N0X1  C5XP  NDAT is replaced
 PARRDR> Error: Repeated ANGLE parameter (   337): NDAT  N0X1  NDAT is replaced
 PARRDR> Error: Repeated ANGLE parameter (  1830): N0E   N0X3  NDAT is replaced
 PARRDR> Error: Repeated ANGLE parameter (  2381): N0X2  NAX2  NDAT is replaced
 PARRDR> Error: Repeated ANGLE parameter (  2683): N0T   N0X1  NDAT is replaced
 PARRDR> Error: Repeated ANGLE parameter (  3117): C5XP  C5XP  NDAT is replaced
 PARRDR> Error: Repeated ANGLE parameter (  2348): N0X   C5XP  NDAT is replaced
 PARRDR> Error: Repeated ANGLE parameter (  3759): NDAT  N0X1  P4C  is replaced
 PARRDR> Error: Repeated ANGLE parameter (   469): NDAT  N0X3  P5C  is replaced
 PARRDR> Error: Repeated ANGLE parameter (  4253): NDAT  C5XP  P4CP is replaced
 PARRDR> Error: Repeated ANGLE parameter (  6906): NDAT  N0X3  NDAT is replaced
 PARRDR> Error: Repeated ANGLE parameter (  3493): NDAE  N0X3  NDAT is replaced
 PARRDR> Error: Repeated ANGLE parameter (  2760): N0T   NAX2  NDAT is replaced
 PARRDR> Error: Repeated ANGLE parameter (  2803): NDAT  NAX2  NDAX is replaced
 PARRDR> Error: Repeated ANGLE parameter (  4509): C5X   C5XP  NDAT is replaced
 PARRDR> Error: Repeated ANGLE parameter (  2587): NDAT  N0X3  P4BP is replaced
 PARRDR> Error: Repeated ANGLE parameter (  2752): NDAT  N0X1  P4B  is replaced
 PARRDR> Error: Repeated ANGLE parameter (  3423): N0T   C5XP  NDAT is replaced
 PARRDR> Error: Repeated ANGLE parameter (  6490): N0X1  N0X1  NDAT is replaced
 PARRDR> Error: Repeated ANGLE parameter (  7550): NDAT  N0X1  P5C  is replaced
 PARRDR> Error: Repeated ANGLE parameter (  2282): C5X   N0X1  NDAT is replaced
 PARRDR> Error: Repeated ANGLE parameter (  5638): N0X3  NAX2  NDAT is replaced
 PARRDR> Error: Repeated ANGLE parameter (   685): NAX2  N0X3  NDAT is replaced
 PARRDR> Error: Repeated ANGLE parameter (  7299): C5XP  NAX2  NDAT is replaced
 PARRDR> Error: Repeated ANGLE parameter (  7459): N0X   N0X1  NDAT is replaced
 PARRDR> Error: Repeated ANGLE parameter (  3890): NDAT  N0X3  P4C  is replaced
 PARRDR> Error: Repeated ANGLE parameter (  5455): NDAT  N0X3  P4CP is replaced
 PARRDR> Error: Repeated ANGLE parameter (  7042): N0X1  N0X3  NDAT is replaced
 PARRDR> Error: Repeated ANGLE parameter (  6654): N0X1  N0X3  NDAT is replaced
 PARRDR> Error: Repeated ANGLE parameter (  4096): N0EP  NAX2  NDAT is replaced
 PARRDR> Error: Repeated ANGLE parameter (  8969): NDAT  C5XP  P4BP is replaced
 PARRDR> Error: Repeated ANGLE parameter (  3405): N0TP  C5XP  NDAT is replaced
 PARRDR> Error: Repeated ANGLE parameter (  1770): N0X2  N0X1  NDAT is replaced
 PARRDR> Error: Repeated ANGLE parameter (   995): NDAT  C5XP  NDX1 is replaced
 PARRDR> Error: Repeated ANGLE parameter (   711): N0TP  N0X1  NDAT is replaced
 PARRDR> Error: Repeated ANGLE parameter (  1188): N0X3  C5XP  NDAT is replaced
 PARRDR> Error: Repeated ANGLE parameter ( 10426): NDAT  N0X1  P5B  is replaced
 PARRDR> Error: Repeated ANGLE parameter ( 10486): NAX2  C5XP  NDAT is replaced
 PARRDR> Error: Repeated ANGLE parameter (  1275): NDAE  NAX2  NDAT is replaced
 PARRDR> Error: Repeated ANGLE parameter (  1442): N0E   C5XP  NDAT is replaced
 PARRDR> Error: Repeated ANGLE parameter (  6336): N0X   NAX2  NDAT is replaced
 PARRDR> Error: Repeated ANGLE parameter (  5292): N0EP  N0X1  NDAT is replaced
 PARRDR> Error: Repeated ANGLE parameter (  4672): NDAT  N0X3  NDX1 is replaced
 PARRDR> Error: Repeated ANGLE parameter (  1254): NDAT  C5XP  NDAT is replaced
 PARRDR> Error: Repeated ANGLE parameter (  3687): N0E   NAX2  NDAT is replaced
 PARRDR> Error: Repeated ANGLE parameter (  3027): N0X3  N0X1  NDAT is replaced
 PARRDR> Error: Repeated ANGLE parameter (  5618): NDAT  NAX2  P4B  is replaced
 PARRDR> Error: Repeated ANGLE parameter (  7555): NDAT  NAX2  NDX1 is replaced
 PARRDR> Error: Repeated ANGLE parameter (  2257): N0X1  NAX2  NDAT is replaced
 PARRDR> Error: Repeated ANGLE parameter (  2523): NDAT  N0X1  NDAX is replaced
 PARRDR> Error: Repeated ANGLE parameter ( 11600): N0T   N0X3  NDAT is replaced
 PARRDR> Error: Repeated ANGLE parameter (  5318): NAX2  NAX2  NDAT is replaced
 PARRDR> Error: Repeated ANGLE parameter (  2923): NDAT  C5XP  P4B  is replaced
 PARRDR> Error: Repeated ANGLE parameter (  2126): N0X1  NAX2  NDAT is replaced
 PARRDR> Error: Repeated ANGLE parameter (   625): N0X2  C5XP  NDAT is replaced
 PARRDR> Error: Repeated ANGLE parameter ( 10836): N0X   N0X3  NDAT is replaced
 PARRDR> Error: Repeated ANGLE parameter (  9935): N0TP  N0X3  NDAT is replaced
 PARRDR> Error: Repeated ANGLE parameter ( 12840): NDAT  N0X3  P5B  is replaced
 PARRDR> Error: Repeated ANGLE parameter (  2193): NDAT  NAX2  P4BP is replaced
 PARRDR> Error: Repeated ANGLE parameter (  2120): N0X3  N0X3  NDAT is replaced
 PARRDR> Error: Repeated ANGLE parameter (  4174): C5X   NAX2  NDAT is replaced
 PARRDR> Error: Repeated ANGLE parameter ( 12581): N0X1  N0X1  NDAT is replaced
 PARRDR> Error: Repeated ANGLE parameter ( 11037): NDAT  NAX2  P5C  is replaced
 PARRDR> Error: Repeated ANGLE parameter ( 14496): C5XP  N0X3  NDAT is replaced
 PARRDR> Error: Repeated ANGLE parameter ( 13237): NDAT  C5XP  NDAX is replaced
 PARRDR> Error: Repeated ANGLE parameter (  5747): NDAT  C5XP  P5B  is replaced
 PARRDR> Error: Repeated ANGLE parameter (  5238): NAX2  C5XP  NDAT is replaced
 PARRDR> Error: Repeated ANGLE parameter (  5504): N0E   N0X1  NDAT is replaced
 PARRDR> Error: Repeated ANGLE parameter ( 14651): NDAT  N0X3  P4B  is replaced
 PARRDR> Error: Repeated ANGLE parameter (  4513): NDAT  NAX2  P5B  is replaced
 PARRDR> Error: Repeated ANGLE parameter (  9175): C5XP  N0X1  NDAT is replaced
 PARRDR> Error: Repeated ANGLE parameter (  3346): NAX2  N0X3  NDAT is replaced
 PARRDR> Error: Repeated ANGLE parameter (  7575): NAX2  N0X1  NDAT is replaced
 PARRDR> Error: Repeated ANGLE parameter (  7349): NDAT  N0X1  P4CP is replaced
 PARRDR> Error: Repeated ANGLE parameter (  3037): N0EP  C5XP  NDAT is replaced
 PARRDR> Error: Repeated ANGLE parameter ( 14798): NDAT  C5XP  P4C  is replaced
 PARRDR> Error: Repeated ANGLE parameter (  2436): NAX2  NAX2  NDAT is replaced
 PARRDR> Error: Repeated ANGLE parameter (  9356): NDAT  N0X1  NDX1 is replaced
 PARRDR> Error: Repeated ANGLE parameter (  9622): N0X2  N0X3  NDAT is replaced
 PARRDR> Error: Repeated ANGLE parameter (  7586): NDAT  NAX2  P4C  is replaced
 PARRDR> Error: Repeated ANGLE parameter (  7720): N0TP  NAX2  NDAT is replaced
 PARRDR> Error: Repeated ANGLE parameter ( 10507): NDAE  C5XP  NDAT is replaced
 PARRDR> Error: Repeated ANGLE parameter ( 15177): NDAT  N0X3  NDAX is replaced
 PARRDR> Error: Repeated ANGLE parameter ( 14974): N0X3  N0X3  NDAT is replaced
 PARRDR> Error: Repeated ANGLE parameter (  2361): NDAT  C5XP  P5C  is replaced
 PARRDR> Error: Repeated ANGLE parameter ( 13816): N0X3  C5XP  NDAT is replaced
 PARRDR> Error: Repeated ANGLE parameter ( 14048): N0EP  N0X3  NDAT is replaced
 PARRDR> Error: Repeated ANGLE parameter ( 17903): NDAT  NAX2  NDAT is replaced
 PARRDR> Error: Repeated ANGLE parameter ( 14425): N0X3  N0X1  NDAT is replaced
 PARRDR> Error: Repeated ANGLE parameter ( 13939): NDAE  N0X1  NDAT is replaced
 PARRDR> Error: Repeated ANGLE parameter ( 12268): N0X3  NAX2  NDAT is replaced
 PARRDR> Error: Repeated ANGLE parameter (  1646): NDAT  NAX2  P4CP is replaced
 PARRDR> Error: Repeated ANGLE parameter (  6709): NAX2  N0X1  NDAT is replaced
 PARRDR> Error: Repeated ANGLE parameter (  4623): N0X1  C5XP  NDAT is replaced
 PARRDR> Error: Repeated ANGLE parameter ( 13697): NDAT  N0X1  P4BP is replaced
PARRDR> **** NEGATIVE ANGLE MINIMA FOUND!
GROMACS style angle energy function used for angles with negative minima.
 PARMIO> NONBOND, HBOND lists and IMAGE atoms cleared.
  
 CHARMM>     
  
 CHARMM>    stream toppar/dum.str
 VOPEN> Attempting to open::toppar/dum.str::
 OPNLGU> Unit 98 opened for READONLY access to /home/charmm-gui/data/www/1542785260/toppar/dum.str

                    INPUT STREAM SWITCHING TO UNIT    98
 RDTITL> READ RTF CARD APPEND
 RDTITL> No title read.
 Parameter: IN1 <- "" <empty>
  
 CHARMM>    read rtf card append
 MAINIO> Residue topology file being read from unit  98.
 RDTITL> *GENERATE
 RDTITL> 36   1
  
 CHARMM>     
  
 CHARMM>    read para card flex append

          PARAMETER FILE BEING READ FROM UNIT 98
 RDTITL> *DUMMY
 RDTITL> *
PARRDR> **** NEGATIVE ANGLE MINIMA FOUND!
GROMACS style angle energy function used for angles with negative minima.
 PARMIO> NONBOND, HBOND lists and IMAGE atoms cleared.
  
 CHARMM>    return
 VCLOSE: Closing unit   98 with status "KEEP"

                    RETURNING TO INPUT STREAM    99
  
 VCLOSE: Closing unit   99 with status "KEEP"

                    RETURNING TO INPUT STREAM     5
  
 CHARMM>     
  
 CHARMM>    set toparea = 0
 Parameter: TOPAREA <- "0"
  
 CHARMM>    set botarea = 0
 Parameter: BOTAREA <- "0"
  
 CHARMM>    set protZmax = 0
 Parameter: PROTZMAX <- "0"
  
 CHARMM>    set protZmin = 0
 Parameter: PROTZMIN <- "0"
  
 CHARMM>    set BOXTYPE = rect
 Parameter: BOXTYPE <- "RECT"
  
 CHARMM>    set Alpha = 90.0
 Parameter: ALPHA <- "90.0"
  
 CHARMM>    set Beta  = 90.0
 Parameter: BETA <- "90.0"
  
 CHARMM>    set Gamma = 90.0
 Parameter: GAMMA <- "90.0"
  
 CHARMM>     
  
 CHARMM>    set liptoparea = 35099.2
 Parameter: LIPTOPAREA <- "35099.2"
  
 CHARMM>    set lipbotarea = 35099.2
 Parameter: LIPBOTAREA <- "35099.2"
  
 CHARMM>    set nliptop    = 569
 Parameter: NLIPTOP <- "569"
  
 CHARMM>    set nlipbot    = 569
 Parameter: NLIPBOT <- "569"
  
 CHARMM>     
  
 CHARMM>    calc LXYtop = sqrt( @liptoparea + @toparea )
 Parameter: LIPTOPAREA -> "35099.2"
 Parameter: TOPAREA -> "0"
Evaluating: SQRT(35099.2+0)
 Parameter: LXYTOP <- "187.347805"
  
 CHARMM>    calc LXYbot = sqrt( @lipbotarea + @botarea )
 Parameter: LIPBOTAREA -> "35099.2"
 Parameter: BOTAREA -> "0"
Evaluating: SQRT(35099.2+0)
 Parameter: LXYBOT <- "187.347805"
  
 CHARMM>    calc LXY    = ( @LXYtop + @LXYbot ) / 2
 Parameter: LXYTOP -> "187.347805"
 Parameter: LXYBOT -> "187.347805"
Evaluating: (187.347805+187.347805)/2
 Parameter: LXY <- "187.347805"
  
 CHARMM>     
  
 CHARMM>    ! allow 5% difference along X and Y
 CHARMM>    calc XvsY = 1
Evaluating: 1
 Parameter: XVSY <- "1"
  
 CHARMM>    if XvsY .lt. 1.05 if XvsY .gt. 0.95 calc XvsY = 1
 Comparing "1" and "1.05".
 IF test evaluated as true.  Performing command
 Comparing "1" and "0.95".
 IF test evaluated as true.  Performing command
Evaluating: 1
 Parameter: XVSY <- "1"
  
 CHARMM>    calc B = sqrt( @LXY * @LXY / @XvsY )
 Parameter: LXY -> "187.347805"
 Parameter: LXY -> "187.347805"
 Parameter: XVSY -> "1"
Evaluating: SQRT(187.347805*187.347805/1)
 Parameter: B <- "187.347805"
  
 CHARMM>    calc A = @XvsY * @B
 Parameter: XVSY -> "1"
 Parameter: B -> "187.347805"
Evaluating: 1*187.347805
 Parameter: A <- "187.347805"
  
 CHARMM>     
  
 CHARMM>    set XTLtype = ORTHorhombic
 Parameter: XTLTYPE <- "ORTHORHOMBIC"
  
 CHARMM>    if A .eq. @B set XTLtype = TETRagonal
 Parameter: B -> "187.347805"
 Comparing "187.347805" and "187.347805".
 IF test evaluated as true.  Performing command
 Parameter: XTLTYPE <- "TETRAGONAL"
  
 CHARMM>     
  
 CHARMM>    ! Z value determination
 CHARMM>    calc lipboxZhalf = 17
Evaluating: 17
 Parameter: LIPBOXZHALF <- "17"
  
 CHARMM>     
  
 CHARMM>    if protZmax .lt.  @lipboxZhalf set protZmax =  @lipboxZhalf
 Parameter: LIPBOXZHALF -> "17"
 Parameter: LIPBOXZHALF -> "17"
 Comparing "0" and "17".
 IF test evaluated as true.  Performing command
 Parameter: PROTZMAX <- "17"
  
 CHARMM>    if protZmin .gt. -@lipboxZhalf set protZmin = -@lipboxZhalf
 Parameter: LIPBOXZHALF -> "17"
 Parameter: LIPBOXZHALF -> "17"
 Comparing "0" and "-17".
 IF test evaluated as true.  Performing command
 Parameter: PROTZMIN <- "-17"
  
 CHARMM>     
  
 CHARMM>    ! water layer from protein top and bottom
 CHARMM>    calc wboxZ = 22.5
Evaluating: 22.5
 Parameter: WBOXZ <- "22.5"
  
 CHARMM>     
  
 CHARMM>    calc propzup = @protZmax + @wboxZ
 Parameter: PROTZMAX -> "17"
 Parameter: WBOXZ -> "22.5"
Evaluating: 17+22.5
 Parameter: PROPZUP <- "39.5"
  
 CHARMM>    calc propzdn = @protZmin - @wboxZ
 Parameter: PROTZMIN -> "-17"
 Parameter: WBOXZ -> "22.5"
Evaluating: -17-22.5
 Parameter: PROPZDN <- "-39.5"
  
 CHARMM>     
  
 CHARMM>    calc watZup = 0
Evaluating: 0
 Parameter: WATZUP <- "0"
  
 CHARMM>    calc watZdn = 0
Evaluating: 0
 Parameter: WATZDN <- "0"
  
 CHARMM>    if propzup .ge.  @lipboxZhalf calc watZup =   @propzup - @lipboxZhalf
 Parameter: LIPBOXZHALF -> "17"
 Parameter: PROPZUP -> "39.5"
 Parameter: LIPBOXZHALF -> "17"
 Comparing "39.5" and "17".
 IF test evaluated as true.  Performing command
Evaluating: 39.5-17
 Parameter: WATZUP <- "22.5"
  
 CHARMM>    if propzdn .lt. -@lipboxZhalf calc watZdn = - @propzdn - @lipboxZhalf
 Parameter: LIPBOXZHALF -> "17"
 Parameter: PROPZDN -> "-39.5"
 Parameter: LIPBOXZHALF -> "17"
 Comparing "-39.5" and "-17".
 IF test evaluated as true.  Performing command
Evaluating: --39.5-17
 Parameter: WATZDN <- "22.5"
  
 CHARMM>     
  
 CHARMM>    calc boxsizeZ = @lipboxZhalf * 2 + @watZup + @watZdn
 Parameter: LIPBOXZHALF -> "17"
 Parameter: WATZUP -> "22.5"
 Parameter: WATZDN -> "22.5"
Evaluating: 17*2+22.5+22.5
 Parameter: BOXSIZEZ <- "79"
  
 CHARMM>    calc zcen = ( @watZup - @watZdn ) / 2.0
 Parameter: WATZUP -> "22.5"
 Parameter: WATZDN -> "22.5"
Evaluating: (22.5-22.5)/2.0
 Parameter: ZCEN <- "0"
  
 CHARMM>     
  
 CHARMM>    calc watboxZ = @watZup
 Parameter: WATZUP -> "22.5"
Evaluating: 22.5
 Parameter: WATBOXZ <- "22.5"
  
 CHARMM>    if watZup .lt. @watZdn calc watboxZ = @watZdn
 Parameter: WATZDN -> "22.5"
 Parameter: WATZDN -> "22.5"
 Comparing "22.5" and "22.5".
 IF test evaluated as false.  Skipping command
  
 CHARMM>     
  
 CHARMM>    stream step3_nlipids_upper.prm
 VOPEN> Attempting to open::step3_nlipids_upper.prm::
 OPNLGU> Unit 99 opened for READONLY access to /home/charmm-gui/data/www/1542785260/step3_nlipids_upper.prm

                    INPUT STREAM SWITCHING TO UNIT    99
 RDTITL> SET NCHOATOP = 0
 RDTITL> No title read.
 Parameter: IN1 <- "" <empty>
  
 CHARMM>    set nchoatop = 0
 Parameter: NCHOATOP <- "0"
  
 CHARMM>    set ncholtop = 57
 Parameter: NCHOLTOP <- "57"
  
 CHARMM>    set nchyotop = 0
 Parameter: NCHYOTOP <- "0"
  
 CHARMM>    set nergotop = 0
 Parameter: NERGOTOP <- "0"
  
 CHARMM>    set nhbhttop = 0
 Parameter: NHBHTTOP <- "0"
  
 CHARMM>    set nhdpttop = 0
 Parameter: NHDPTTOP <- "0"
  
 CHARMM>    set nhhoptop = 0
 Parameter: NHHOPTOP <- "0"
  
 CHARMM>    set nhoprtop = 0
 Parameter: NHOPRTOP <- "0"
  
 CHARMM>    set ndapatop = 0
 Parameter: NDAPATOP <- "0"
  
 CHARMM>    set ndbpatop = 0
 Parameter: NDBPATOP <- "0"
  
 CHARMM>    set ndfpatop = 0
 Parameter: NDFPATOP <- "0"
  
 CHARMM>    set ndgpatop = 0
 Parameter: NDGPATOP <- "0"
  
 CHARMM>    set ndipatop = 0
 Parameter: NDIPATOP <- "0"
  
 CHARMM>    set ndlpatop = 0
 Parameter: NDLPATOP <- "0"
  
 CHARMM>    set ndnpatop = 0
 Parameter: NDNPATOP <- "0"
  
 CHARMM>    set ndopatop = 0
 Parameter: NDOPATOP <- "0"
  
 CHARMM>    set ndppatop = 0
 Parameter: NDPPATOP <- "0"
  
 CHARMM>    set ndrpatop = 0
 Parameter: NDRPATOP <- "0"
  
 CHARMM>    set ndtpatop = 0
 Parameter: NDTPATOP <- "0"
  
 CHARMM>    set ndvpatop = 0
 Parameter: NDVPATOP <- "0"
  
 CHARMM>    set ndxpatop = 0
 Parameter: NDXPATOP <- "0"
  
 CHARMM>    set ndypatop = 0
 Parameter: NDYPATOP <- "0"
  
 CHARMM>    set nlppatop = 0
 Parameter: NLPPATOP <- "0"
  
 CHARMM>    set npapatop = 0
 Parameter: NPAPATOP <- "0"
  
 CHARMM>    set npgpatop = 0
 Parameter: NPGPATOP <- "0"
  
 CHARMM>    set npipatop = 0
 Parameter: NPIPATOP <- "0"
  
 CHARMM>    set npopatop = 0
 Parameter: NPOPATOP <- "0"
  
 CHARMM>    set nprpatop = 0
 Parameter: NPRPATOP <- "0"
  
 CHARMM>    set npupatop = 0
 Parameter: NPUPATOP <- "0"
  
 CHARMM>    set ndapctop = 0
 Parameter: NDAPCTOP <- "0"
  
 CHARMM>    set ndbpctop = 0
 Parameter: NDBPCTOP <- "0"
  
 CHARMM>    set ndfpctop = 0
 Parameter: NDFPCTOP <- "0"
  
 CHARMM>    set ndgpctop = 0
 Parameter: NDGPCTOP <- "0"
  
 CHARMM>    set ndipctop = 0
 Parameter: NDIPCTOP <- "0"
  
 CHARMM>    set ndlpctop = 512
 Parameter: NDLPCTOP <- "512"
  
 CHARMM>    set ndnpctop = 0
 Parameter: NDNPCTOP <- "0"
  
 CHARMM>    set ndopctop = 0
 Parameter: NDOPCTOP <- "0"
  
 CHARMM>    set ndppctop = 0
 Parameter: NDPPCTOP <- "0"
  
 CHARMM>    set ndrpctop = 0
 Parameter: NDRPCTOP <- "0"
  
 CHARMM>    set ndtpctop = 0
 Parameter: NDTPCTOP <- "0"
  
 CHARMM>    set ndvpctop = 0
 Parameter: NDVPCTOP <- "0"
  
 CHARMM>    set ndxpctop = 0
 Parameter: NDXPCTOP <- "0"
  
 CHARMM>    set ndypctop = 0
 Parameter: NDYPCTOP <- "0"
  
 CHARMM>    set nlppctop = 0
 Parameter: NLPPCTOP <- "0"
  
 CHARMM>    set npapctop = 0
 Parameter: NPAPCTOP <- "0"
  
 CHARMM>    set npepctop = 0
 Parameter: NPEPCTOP <- "0"
  
 CHARMM>    set npgpctop = 0
 Parameter: NPGPCTOP <- "0"
  
 CHARMM>    set npipctop = 0
 Parameter: NPIPCTOP <- "0"
  
 CHARMM>    set npopctop = 0
 Parameter: NPOPCTOP <- "0"
  
 CHARMM>    set nprpctop = 0
 Parameter: NPRPCTOP <- "0"
  
 CHARMM>    set npupctop = 0
 Parameter: NPUPCTOP <- "0"
  
 CHARMM>    set ndapetop = 0
 Parameter: NDAPETOP <- "0"
  
 CHARMM>    set ndbpetop = 0
 Parameter: NDBPETOP <- "0"
  
 CHARMM>    set ndfpetop = 0
 Parameter: NDFPETOP <- "0"
  
 CHARMM>    set ndgpetop = 0
 Parameter: NDGPETOP <- "0"
  
 CHARMM>    set ndipetop = 0
 Parameter: NDIPETOP <- "0"
  
 CHARMM>    set ndlpetop = 0
 Parameter: NDLPETOP <- "0"
  
 CHARMM>    set ndnpetop = 0
 Parameter: NDNPETOP <- "0"
  
 CHARMM>    set ndopetop = 0
 Parameter: NDOPETOP <- "0"
  
 CHARMM>    set ndppetop = 0
 Parameter: NDPPETOP <- "0"
  
 CHARMM>    set ndrpetop = 0
 Parameter: NDRPETOP <- "0"
  
 CHARMM>    set ndtpetop = 0
 Parameter: NDTPETOP <- "0"
  
 CHARMM>    set ndupetop = 0
 Parameter: NDUPETOP <- "0"
  
 CHARMM>    set ndvpetop = 0
 Parameter: NDVPETOP <- "0"
  
 CHARMM>    set ndxpetop = 0
 Parameter: NDXPETOP <- "0"
  
 CHARMM>    set ndypetop = 0
 Parameter: NDYPETOP <- "0"
  
 CHARMM>    set nlppetop = 0
 Parameter: NLPPETOP <- "0"
  
 CHARMM>    set npapetop = 0
 Parameter: NPAPETOP <- "0"
  
 CHARMM>    set npgpetop = 0
 Parameter: NPGPETOP <- "0"
  
 CHARMM>    set npipetop = 0
 Parameter: NPIPETOP <- "0"
  
 CHARMM>    set npopetop = 0
 Parameter: NPOPETOP <- "0"
  
 CHARMM>    set npqpetop = 0
 Parameter: NPQPETOP <- "0"
  
 CHARMM>    set nprpetop = 0
 Parameter: NPRPETOP <- "0"
  
 CHARMM>    set npupetop = 0
 Parameter: NPUPETOP <- "0"
  
 CHARMM>    set ndapgtop = 0
 Parameter: NDAPGTOP <- "0"
  
 CHARMM>    set ndbpgtop = 0
 Parameter: NDBPGTOP <- "0"
  
 CHARMM>    set ndfpgtop = 0
 Parameter: NDFPGTOP <- "0"
  
 CHARMM>    set ndgpgtop = 0
 Parameter: NDGPGTOP <- "0"
  
 CHARMM>    set ndipgtop = 0
 Parameter: NDIPGTOP <- "0"
  
 CHARMM>    set ndlpgtop = 0
 Parameter: NDLPGTOP <- "0"
  
 CHARMM>    set ndnpgtop = 0
 Parameter: NDNPGTOP <- "0"
  
 CHARMM>    set ndopgtop = 0
 Parameter: NDOPGTOP <- "0"
  
 CHARMM>    set ndppgtop = 0
 Parameter: NDPPGTOP <- "0"
  
 CHARMM>    set ndrpgtop = 0
 Parameter: NDRPGTOP <- "0"
  
 CHARMM>    set ndtpgtop = 0
 Parameter: NDTPGTOP <- "0"
  
 CHARMM>    set ndvpgtop = 0
 Parameter: NDVPGTOP <- "0"
  
 CHARMM>    set ndxpgtop = 0
 Parameter: NDXPGTOP <- "0"
  
 CHARMM>    set ndypgtop = 0
 Parameter: NDYPGTOP <- "0"
  
 CHARMM>    set njfpgtop = 0
 Parameter: NJFPGTOP <- "0"
  
 CHARMM>    set njppgtop = 0
 Parameter: NJPPGTOP <- "0"
  
 CHARMM>    set nlppgtop = 0
 Parameter: NLPPGTOP <- "0"
  
 CHARMM>    set noppgtop = 0
 Parameter: NOPPGTOP <- "0"
  
 CHARMM>    set npapgtop = 0
 Parameter: NPAPGTOP <- "0"
  
 CHARMM>    set npgpgtop = 0
 Parameter: NPGPGTOP <- "0"
  
 CHARMM>    set npipgtop = 0
 Parameter: NPIPGTOP <- "0"
  
 CHARMM>    set npopgtop = 0
 Parameter: NPOPGTOP <- "0"
  
 CHARMM>    set nprpgtop = 0
 Parameter: NPRPGTOP <- "0"
  
 CHARMM>    set ndapstop = 0
 Parameter: NDAPSTOP <- "0"
  
 CHARMM>    set ndbpstop = 0
 Parameter: NDBPSTOP <- "0"
  
 CHARMM>    set ndfpstop = 0
 Parameter: NDFPSTOP <- "0"
  
 CHARMM>    set ndgpstop = 0
 Parameter: NDGPSTOP <- "0"
  
 CHARMM>    set ndipstop = 0
 Parameter: NDIPSTOP <- "0"
  
 CHARMM>    set ndlpstop = 0
 Parameter: NDLPSTOP <- "0"
  
 CHARMM>    set ndnpstop = 0
 Parameter: NDNPSTOP <- "0"
  
 CHARMM>    set ndopstop = 0
 Parameter: NDOPSTOP <- "0"
  
 CHARMM>    set ndppstop = 0
 Parameter: NDPPSTOP <- "0"
  
 CHARMM>    set ndrpstop = 0
 Parameter: NDRPSTOP <- "0"
  
 CHARMM>    set ndtpstop = 0
 Parameter: NDTPSTOP <- "0"
  
 CHARMM>    set ndupstop = 0
 Parameter: NDUPSTOP <- "0"
  
 CHARMM>    set ndvpstop = 0
 Parameter: NDVPSTOP <- "0"
  
 CHARMM>    set ndxpstop = 0
 Parameter: NDXPSTOP <- "0"
  
 CHARMM>    set ndypstop = 0
 Parameter: NDYPSTOP <- "0"
  
 CHARMM>    set nlppstop = 0
 Parameter: NLPPSTOP <- "0"
  
 CHARMM>    set npapstop = 0
 Parameter: NPAPSTOP <- "0"
  
 CHARMM>    set npgpstop = 0
 Parameter: NPGPSTOP <- "0"
  
 CHARMM>    set npipstop = 0
 Parameter: NPIPSTOP <- "0"
  
 CHARMM>    set npopstop = 0
 Parameter: NPOPSTOP <- "0"
  
 CHARMM>    set npqpstop = 0
 Parameter: NPQPSTOP <- "0"
  
 CHARMM>    set nprpstop = 0
 Parameter: NPRPSTOP <- "0"
  
 CHARMM>    set npupstop = 0
 Parameter: NPUPSTOP <- "0"
  
 CHARMM>    set ndpp1top = 0
 Parameter: NDPP1TOP <- "0"
  
 CHARMM>    set ndpp2top = 0
 Parameter: NDPP2TOP <- "0"
  
 CHARMM>    set ndppitop = 0
 Parameter: NDPPITOP <- "0"
  
 CHARMM>    set npapitop = 0
 Parameter: NPAPITOP <- "0"
  
 CHARMM>    set npipitop = 0
 Parameter: NPIPITOP <- "0"
  
 CHARMM>    set npop1top = 0
 Parameter: NPOP1TOP <- "0"
  
 CHARMM>    set npop2top = 0
 Parameter: NPOP2TOP <- "0"
  
 CHARMM>    set npop3top = 0
 Parameter: NPOP3TOP <- "0"
  
 CHARMM>    set npopitop = 0
 Parameter: NPOPITOP <- "0"
  
 CHARMM>    set npupitop = 0
 Parameter: NPUPITOP <- "0"
  
 CHARMM>    set npvp1top = 0
 Parameter: NPVP1TOP <- "0"
  
 CHARMM>    set npvp2top = 0
 Parameter: NPVP2TOP <- "0"
  
 CHARMM>    set npvp3top = 0
 Parameter: NPVP3TOP <- "0"
  
 CHARMM>    set npvpitop = 0
 Parameter: NPVPITOP <- "0"
  
 CHARMM>    set ncdl0top = 0
 Parameter: NCDL0TOP <- "0"
  
 CHARMM>    set ncdl1top = 0
 Parameter: NCDL1TOP <- "0"
  
 CHARMM>    set ncdl2top = 0
 Parameter: NCDL2TOP <- "0"
  
 CHARMM>    set nbnsmtop = 0
 Parameter: NBNSMTOP <- "0"
  
 CHARMM>    set ndbsmtop = 0
 Parameter: NDBSMTOP <- "0"
  
 CHARMM>    set ndpsmtop = 0
 Parameter: NDPSMTOP <- "0"
  
 CHARMM>    set ndxsmtop = 0
 Parameter: NDXSMTOP <- "0"
  
 CHARMM>    set npgsmtop = 0
 Parameter: NPGSMTOP <- "0"
  
 CHARMM>    set npnsmtop = 0
 Parameter: NPNSMTOP <- "0"
  
 CHARMM>    set nposmtop = 0
 Parameter: NPOSMTOP <- "0"
  
 CHARMM>    set npvsmtop = 0
 Parameter: NPVSMTOP <- "0"
  
 CHARMM>    set nxnsmtop = 0
 Parameter: NXNSMTOP <- "0"
  
 CHARMM>    set ndpcetop = 0
 Parameter: NDPCETOP <- "0"
  
 CHARMM>    set ndxcetop = 0
 Parameter: NDXCETOP <- "0"
  
 CHARMM>    set npncetop = 0
 Parameter: NPNCETOP <- "0"
  
 CHARMM>    set nxncetop = 0
 Parameter: NXNCETOP <- "0"
  
 CHARMM>    set npadgtop = 0
 Parameter: NPADGTOP <- "0"
  
 CHARMM>    set npidgtop = 0
 Parameter: NPIDGTOP <- "0"
  
 CHARMM>    set npodgtop = 0
 Parameter: NPODGTOP <- "0"
  
 CHARMM>    set npudgtop = 0
 Parameter: NPUDGTOP <- "0"
  
 CHARMM>    set npvdgtop = 0
 Parameter: NPVDGTOP <- "0"
  
 CHARMM>    set ntogtop = 0
 Parameter: NTOGTOP <- "0"
  
 CHARMM>    set napctop = 0
 Parameter: NAPCTOP <- "0"
  
 CHARMM>    set ncpctop = 0
 Parameter: NCPCTOP <- "0"
  
 CHARMM>    set nipctop = 0
 Parameter: NIPCTOP <- "0"
  
 CHARMM>    set nlpctop = 0
 Parameter: NLPCTOP <- "0"
  
 CHARMM>    set nopctop = 0
 Parameter: NOPCTOP <- "0"
  
 CHARMM>    set nppctop = 0
 Parameter: NPPCTOP <- "0"
  
 CHARMM>    set ntpctop = 0
 Parameter: NTPCTOP <- "0"
  
 CHARMM>    set nupctop = 0
 Parameter: NUPCTOP <- "0"
  
 CHARMM>    set nvpctop = 0
 Parameter: NVPCTOP <- "0"
  
 CHARMM>    set nacatop = 0
 Parameter: NACATOP <- "0"
  
 CHARMM>    set nacntop = 0
 Parameter: NACNTOP <- "0"
  
 CHARMM>    set nbcatop = 0
 Parameter: NBCATOP <- "0"
  
 CHARMM>    set nbcntop = 0
 Parameter: NBCNTOP <- "0"
  
 CHARMM>    set nlcatop = 0
 Parameter: NLCATOP <- "0"
  
 CHARMM>    set nlcntop = 0
 Parameter: NLCNTOP <- "0"
  
 CHARMM>    set npcntop = 0
 Parameter: NPCNTOP <- "0"
  
 CHARMM>    set nucatop = 0
 Parameter: NUCATOP <- "0"
  
 CHARMM>    set nucntop = 0
 Parameter: NUCNTOP <- "0"
  
 CHARMM>    set nxcatop = 0
 Parameter: NXCATOP <- "0"
  
 CHARMM>    set nxcntop = 0
 Parameter: NXCNTOP <- "0"
  
 CHARMM>    set npcatop = 0
 Parameter: NPCATOP <- "0"
  
 CHARMM>    set nbogtop = 0
 Parameter: NBOGTOP <- "0"
  
 CHARMM>    set nddmtop = 0
 Parameter: NDDMTOP <- "0"
  
 CHARMM>    set ndpctop = 0
 Parameter: NDPCTOP <- "0"
  
 CHARMM>    set neo5top = 0
 Parameter: NEO5TOP <- "0"
  
 CHARMM>    set nsdstop = 0
 Parameter: NSDSTOP <- "0"
  
 CHARMM>    set ndbg1top = 0
 Parameter: NDBG1TOP <- "0"
  
 CHARMM>    set ndbg3top = 0
 Parameter: NDBG3TOP <- "0"
  
 CHARMM>    set ndfggtop = 0
 Parameter: NDFGGTOP <- "0"
  
 CHARMM>    set ndfmgtop = 0
 Parameter: NDFMGTOP <- "0"
  
 CHARMM>    set ndpg1top = 0
 Parameter: NDPG1TOP <- "0"
  
 CHARMM>    set ndpg3top = 0
 Parameter: NDPG3TOP <- "0"
  
 CHARMM>    set ndpggtop = 0
 Parameter: NDPGGTOP <- "0"
  
 CHARMM>    set ndpgstop = 0
 Parameter: NDPGSTOP <- "0"
  
 CHARMM>    set ndpmgtop = 0
 Parameter: NDPMGTOP <- "0"
  
 CHARMM>    set ndpsgtop = 0
 Parameter: NDPSGTOP <- "0"
  
 CHARMM>    set ndxg1top = 0
 Parameter: NDXG1TOP <- "0"
  
 CHARMM>    set ndxg3top = 0
 Parameter: NDXG3TOP <- "0"
  
 CHARMM>    set nfpggtop = 0
 Parameter: NFPGGTOP <- "0"
  
 CHARMM>    set nfpmgtop = 0
 Parameter: NFPMGTOP <- "0"
  
 CHARMM>    set nfpsgtop = 0
 Parameter: NFPSGTOP <- "0"
  
 CHARMM>    set nopggtop = 0
 Parameter: NOPGGTOP <- "0"
  
 CHARMM>    set nopmgtop = 0
 Parameter: NOPMGTOP <- "0"
  
 CHARMM>    set nopsgtop = 0
 Parameter: NOPSGTOP <- "0"
  
 CHARMM>    set npng1top = 0
 Parameter: NPNG1TOP <- "0"
  
 CHARMM>    set npng3top = 0
 Parameter: NPNG3TOP <- "0"
  
 CHARMM>    set nxng1top = 0
 Parameter: NXNG1TOP <- "0"
  
 CHARMM>    set nxng3top = 0
 Parameter: NXNG3TOP <- "0"
  
 CHARMM>    set nramptop = 0
 Parameter: NRAMPTOP <- "0"
  
 CHARMM>    set nremptop = 0
 Parameter: NREMPTOP <- "0"
  
 CHARMM>    set noanttop = 0
 Parameter: NOANTTOP <- "0"
  
 CHARMM>    set ndspctop = 0
 Parameter: NDSPCTOP <- "0"
  
 CHARMM>    set ndhpetop = 0
 Parameter: NDHPETOP <- "0"
  
 CHARMM>    set ndspetop = 0
 Parameter: NDSPETOP <- "0"
  
 VCLOSE: Closing unit   99 with status "KEEP"

                    RETURNING TO INPUT STREAM     5
  
 CHARMM>    stream step3_nlipids_lower.prm
 VOPEN> Attempting to open::step3_nlipids_lower.prm::
 OPNLGU> Unit 99 opened for READONLY access to /home/charmm-gui/data/www/1542785260/step3_nlipids_lower.prm

                    INPUT STREAM SWITCHING TO UNIT    99
 RDTITL> SET NCHOABOT = 0
 RDTITL> No title read.
 Parameter: IN1 <- "" <empty>
  
 CHARMM>    set nchoabot = 0
 Parameter: NCHOABOT <- "0"
  
 CHARMM>    set ncholbot = 57
 Parameter: NCHOLBOT <- "57"
  
 CHARMM>    set nchyobot = 0
 Parameter: NCHYOBOT <- "0"
  
 CHARMM>    set nergobot = 0
 Parameter: NERGOBOT <- "0"
  
 CHARMM>    set nhbhtbot = 0
 Parameter: NHBHTBOT <- "0"
  
 CHARMM>    set nhdptbot = 0
 Parameter: NHDPTBOT <- "0"
  
 CHARMM>    set nhhopbot = 0
 Parameter: NHHOPBOT <- "0"
  
 CHARMM>    set nhoprbot = 0
 Parameter: NHOPRBOT <- "0"
  
 CHARMM>    set ndapabot = 0
 Parameter: NDAPABOT <- "0"
  
 CHARMM>    set ndbpabot = 0
 Parameter: NDBPABOT <- "0"
  
 CHARMM>    set ndfpabot = 0
 Parameter: NDFPABOT <- "0"
  
 CHARMM>    set ndgpabot = 0
 Parameter: NDGPABOT <- "0"
  
 CHARMM>    set ndipabot = 0
 Parameter: NDIPABOT <- "0"
  
 CHARMM>    set ndlpabot = 0
 Parameter: NDLPABOT <- "0"
  
 CHARMM>    set ndnpabot = 0
 Parameter: NDNPABOT <- "0"
  
 CHARMM>    set ndopabot = 0
 Parameter: NDOPABOT <- "0"
  
 CHARMM>    set ndppabot = 0
 Parameter: NDPPABOT <- "0"
  
 CHARMM>    set ndrpabot = 0
 Parameter: NDRPABOT <- "0"
  
 CHARMM>    set ndtpabot = 0
 Parameter: NDTPABOT <- "0"
  
 CHARMM>    set ndvpabot = 0
 Parameter: NDVPABOT <- "0"
  
 CHARMM>    set ndxpabot = 0
 Parameter: NDXPABOT <- "0"
  
 CHARMM>    set ndypabot = 0
 Parameter: NDYPABOT <- "0"
  
 CHARMM>    set nlppabot = 0
 Parameter: NLPPABOT <- "0"
  
 CHARMM>    set npapabot = 0
 Parameter: NPAPABOT <- "0"
  
 CHARMM>    set npgpabot = 0
 Parameter: NPGPABOT <- "0"
  
 CHARMM>    set npipabot = 0
 Parameter: NPIPABOT <- "0"
  
 CHARMM>    set npopabot = 0
 Parameter: NPOPABOT <- "0"
  
 CHARMM>    set nprpabot = 0
 Parameter: NPRPABOT <- "0"
  
 CHARMM>    set npupabot = 0
 Parameter: NPUPABOT <- "0"
  
 CHARMM>    set ndapcbot = 0
 Parameter: NDAPCBOT <- "0"
  
 CHARMM>    set ndbpcbot = 0
 Parameter: NDBPCBOT <- "0"
  
 CHARMM>    set ndfpcbot = 0
 Parameter: NDFPCBOT <- "0"
  
 CHARMM>    set ndgpcbot = 0
 Parameter: NDGPCBOT <- "0"
  
 CHARMM>    set ndipcbot = 0
 Parameter: NDIPCBOT <- "0"
  
 CHARMM>    set ndlpcbot = 512
 Parameter: NDLPCBOT <- "512"
  
 CHARMM>    set ndnpcbot = 0
 Parameter: NDNPCBOT <- "0"
  
 CHARMM>    set ndopcbot = 0
 Parameter: NDOPCBOT <- "0"
  
 CHARMM>    set ndppcbot = 0
 Parameter: NDPPCBOT <- "0"
  
 CHARMM>    set ndrpcbot = 0
 Parameter: NDRPCBOT <- "0"
  
 CHARMM>    set ndtpcbot = 0
 Parameter: NDTPCBOT <- "0"
  
 CHARMM>    set ndvpcbot = 0
 Parameter: NDVPCBOT <- "0"
  
 CHARMM>    set ndxpcbot = 0
 Parameter: NDXPCBOT <- "0"
  
 CHARMM>    set ndypcbot = 0
 Parameter: NDYPCBOT <- "0"
  
 CHARMM>    set nlppcbot = 0
 Parameter: NLPPCBOT <- "0"
  
 CHARMM>    set npapcbot = 0
 Parameter: NPAPCBOT <- "0"
  
 CHARMM>    set npepcbot = 0
 Parameter: NPEPCBOT <- "0"
  
 CHARMM>    set npgpcbot = 0
 Parameter: NPGPCBOT <- "0"
  
 CHARMM>    set npipcbot = 0
 Parameter: NPIPCBOT <- "0"
  
 CHARMM>    set npopcbot = 0
 Parameter: NPOPCBOT <- "0"
  
 CHARMM>    set nprpcbot = 0
 Parameter: NPRPCBOT <- "0"
  
 CHARMM>    set npupcbot = 0
 Parameter: NPUPCBOT <- "0"
  
 CHARMM>    set ndapebot = 0
 Parameter: NDAPEBOT <- "0"
  
 CHARMM>    set ndbpebot = 0
 Parameter: NDBPEBOT <- "0"
  
 CHARMM>    set ndfpebot = 0
 Parameter: NDFPEBOT <- "0"
  
 CHARMM>    set ndgpebot = 0
 Parameter: NDGPEBOT <- "0"
  
 CHARMM>    set ndipebot = 0
 Parameter: NDIPEBOT <- "0"
  
 CHARMM>    set ndlpebot = 0
 Parameter: NDLPEBOT <- "0"
  
 CHARMM>    set ndnpebot = 0
 Parameter: NDNPEBOT <- "0"
  
 CHARMM>    set ndopebot = 0
 Parameter: NDOPEBOT <- "0"
  
 CHARMM>    set ndppebot = 0
 Parameter: NDPPEBOT <- "0"
  
 CHARMM>    set ndrpebot = 0
 Parameter: NDRPEBOT <- "0"
  
 CHARMM>    set ndtpebot = 0
 Parameter: NDTPEBOT <- "0"
  
 CHARMM>    set ndupebot = 0
 Parameter: NDUPEBOT <- "0"
  
 CHARMM>    set ndvpebot = 0
 Parameter: NDVPEBOT <- "0"
  
 CHARMM>    set ndxpebot = 0
 Parameter: NDXPEBOT <- "0"
  
 CHARMM>    set ndypebot = 0
 Parameter: NDYPEBOT <- "0"
  
 CHARMM>    set nlppebot = 0
 Parameter: NLPPEBOT <- "0"
  
 CHARMM>    set npapebot = 0
 Parameter: NPAPEBOT <- "0"
  
 CHARMM>    set npgpebot = 0
 Parameter: NPGPEBOT <- "0"
  
 CHARMM>    set npipebot = 0
 Parameter: NPIPEBOT <- "0"
  
 CHARMM>    set npopebot = 0
 Parameter: NPOPEBOT <- "0"
  
 CHARMM>    set npqpebot = 0
 Parameter: NPQPEBOT <- "0"
  
 CHARMM>    set nprpebot = 0
 Parameter: NPRPEBOT <- "0"
  
 CHARMM>    set npupebot = 0
 Parameter: NPUPEBOT <- "0"
  
 CHARMM>    set ndapgbot = 0
 Parameter: NDAPGBOT <- "0"
  
 CHARMM>    set ndbpgbot = 0
 Parameter: NDBPGBOT <- "0"
  
 CHARMM>    set ndfpgbot = 0
 Parameter: NDFPGBOT <- "0"
  
 CHARMM>    set ndgpgbot = 0
 Parameter: NDGPGBOT <- "0"
  
 CHARMM>    set ndipgbot = 0
 Parameter: NDIPGBOT <- "0"
  
 CHARMM>    set ndlpgbot = 0
 Parameter: NDLPGBOT <- "0"
  
 CHARMM>    set ndnpgbot = 0
 Parameter: NDNPGBOT <- "0"
  
 CHARMM>    set ndopgbot = 0
 Parameter: NDOPGBOT <- "0"
  
 CHARMM>    set ndppgbot = 0
 Parameter: NDPPGBOT <- "0"
  
 CHARMM>    set ndrpgbot = 0
 Parameter: NDRPGBOT <- "0"
  
 CHARMM>    set ndtpgbot = 0
 Parameter: NDTPGBOT <- "0"
  
 CHARMM>    set ndvpgbot = 0
 Parameter: NDVPGBOT <- "0"
  
 CHARMM>    set ndxpgbot = 0
 Parameter: NDXPGBOT <- "0"
  
 CHARMM>    set ndypgbot = 0
 Parameter: NDYPGBOT <- "0"
  
 CHARMM>    set njfpgbot = 0
 Parameter: NJFPGBOT <- "0"
  
 CHARMM>    set njppgbot = 0
 Parameter: NJPPGBOT <- "0"
  
 CHARMM>    set nlppgbot = 0
 Parameter: NLPPGBOT <- "0"
  
 CHARMM>    set noppgbot = 0
 Parameter: NOPPGBOT <- "0"
  
 CHARMM>    set npapgbot = 0
 Parameter: NPAPGBOT <- "0"
  
 CHARMM>    set npgpgbot = 0
 Parameter: NPGPGBOT <- "0"
  
 CHARMM>    set npipgbot = 0
 Parameter: NPIPGBOT <- "0"
  
 CHARMM>    set npopgbot = 0
 Parameter: NPOPGBOT <- "0"
  
 CHARMM>    set nprpgbot = 0
 Parameter: NPRPGBOT <- "0"
  
 CHARMM>    set ndapsbot = 0
 Parameter: NDAPSBOT <- "0"
  
 CHARMM>    set ndbpsbot = 0
 Parameter: NDBPSBOT <- "0"
  
 CHARMM>    set ndfpsbot = 0
 Parameter: NDFPSBOT <- "0"
  
 CHARMM>    set ndgpsbot = 0
 Parameter: NDGPSBOT <- "0"
  
 CHARMM>    set ndipsbot = 0
 Parameter: NDIPSBOT <- "0"
  
 CHARMM>    set ndlpsbot = 0
 Parameter: NDLPSBOT <- "0"
  
 CHARMM>    set ndnpsbot = 0
 Parameter: NDNPSBOT <- "0"
  
 CHARMM>    set ndopsbot = 0
 Parameter: NDOPSBOT <- "0"
  
 CHARMM>    set ndppsbot = 0
 Parameter: NDPPSBOT <- "0"
  
 CHARMM>    set ndrpsbot = 0
 Parameter: NDRPSBOT <- "0"
  
 CHARMM>    set ndtpsbot = 0
 Parameter: NDTPSBOT <- "0"
  
 CHARMM>    set ndupsbot = 0
 Parameter: NDUPSBOT <- "0"
  
 CHARMM>    set ndvpsbot = 0
 Parameter: NDVPSBOT <- "0"
  
 CHARMM>    set ndxpsbot = 0
 Parameter: NDXPSBOT <- "0"
  
 CHARMM>    set ndypsbot = 0
 Parameter: NDYPSBOT <- "0"
  
 CHARMM>    set nlppsbot = 0
 Parameter: NLPPSBOT <- "0"
  
 CHARMM>    set npapsbot = 0
 Parameter: NPAPSBOT <- "0"
  
 CHARMM>    set npgpsbot = 0
 Parameter: NPGPSBOT <- "0"
  
 CHARMM>    set npipsbot = 0
 Parameter: NPIPSBOT <- "0"
  
 CHARMM>    set npopsbot = 0
 Parameter: NPOPSBOT <- "0"
  
 CHARMM>    set npqpsbot = 0
 Parameter: NPQPSBOT <- "0"
  
 CHARMM>    set nprpsbot = 0
 Parameter: NPRPSBOT <- "0"
  
 CHARMM>    set npupsbot = 0
 Parameter: NPUPSBOT <- "0"
  
 CHARMM>    set ndpp1bot = 0
 Parameter: NDPP1BOT <- "0"
  
 CHARMM>    set ndpp2bot = 0
 Parameter: NDPP2BOT <- "0"
  
 CHARMM>    set ndppibot = 0
 Parameter: NDPPIBOT <- "0"
  
 CHARMM>    set npapibot = 0
 Parameter: NPAPIBOT <- "0"
  
 CHARMM>    set npipibot = 0
 Parameter: NPIPIBOT <- "0"
  
 CHARMM>    set npop1bot = 0
 Parameter: NPOP1BOT <- "0"
  
 CHARMM>    set npop2bot = 0
 Parameter: NPOP2BOT <- "0"
  
 CHARMM>    set npop3bot = 0
 Parameter: NPOP3BOT <- "0"
  
 CHARMM>    set npopibot = 0
 Parameter: NPOPIBOT <- "0"
  
 CHARMM>    set npupibot = 0
 Parameter: NPUPIBOT <- "0"
  
 CHARMM>    set npvp1bot = 0
 Parameter: NPVP1BOT <- "0"
  
 CHARMM>    set npvp2bot = 0
 Parameter: NPVP2BOT <- "0"
  
 CHARMM>    set npvp3bot = 0
 Parameter: NPVP3BOT <- "0"
  
 CHARMM>    set npvpibot = 0
 Parameter: NPVPIBOT <- "0"
  
 CHARMM>    set ncdl0bot = 0
 Parameter: NCDL0BOT <- "0"
  
 CHARMM>    set ncdl1bot = 0
 Parameter: NCDL1BOT <- "0"
  
 CHARMM>    set ncdl2bot = 0
 Parameter: NCDL2BOT <- "0"
  
 CHARMM>    set nbnsmbot = 0
 Parameter: NBNSMBOT <- "0"
  
 CHARMM>    set ndbsmbot = 0
 Parameter: NDBSMBOT <- "0"
  
 CHARMM>    set ndpsmbot = 0
 Parameter: NDPSMBOT <- "0"
  
 CHARMM>    set ndxsmbot = 0
 Parameter: NDXSMBOT <- "0"
  
 CHARMM>    set npgsmbot = 0
 Parameter: NPGSMBOT <- "0"
  
 CHARMM>    set npnsmbot = 0
 Parameter: NPNSMBOT <- "0"
  
 CHARMM>    set nposmbot = 0
 Parameter: NPOSMBOT <- "0"
  
 CHARMM>    set npvsmbot = 0
 Parameter: NPVSMBOT <- "0"
  
 CHARMM>    set nxnsmbot = 0
 Parameter: NXNSMBOT <- "0"
  
 CHARMM>    set ndpcebot = 0
 Parameter: NDPCEBOT <- "0"
  
 CHARMM>    set ndxcebot = 0
 Parameter: NDXCEBOT <- "0"
  
 CHARMM>    set npncebot = 0
 Parameter: NPNCEBOT <- "0"
  
 CHARMM>    set nxncebot = 0
 Parameter: NXNCEBOT <- "0"
  
 CHARMM>    set npadgbot = 0
 Parameter: NPADGBOT <- "0"
  
 CHARMM>    set npidgbot = 0
 Parameter: NPIDGBOT <- "0"
  
 CHARMM>    set npodgbot = 0
 Parameter: NPODGBOT <- "0"
  
 CHARMM>    set npudgbot = 0
 Parameter: NPUDGBOT <- "0"
  
 CHARMM>    set npvdgbot = 0
 Parameter: NPVDGBOT <- "0"
  
 CHARMM>    set ntogbot = 0
 Parameter: NTOGBOT <- "0"
  
 CHARMM>    set napcbot = 0
 Parameter: NAPCBOT <- "0"
  
 CHARMM>    set ncpcbot = 0
 Parameter: NCPCBOT <- "0"
  
 CHARMM>    set nipcbot = 0
 Parameter: NIPCBOT <- "0"
  
 CHARMM>    set nlpcbot = 0
 Parameter: NLPCBOT <- "0"
  
 CHARMM>    set nopcbot = 0
 Parameter: NOPCBOT <- "0"
  
 CHARMM>    set nppcbot = 0
 Parameter: NPPCBOT <- "0"
  
 CHARMM>    set ntpcbot = 0
 Parameter: NTPCBOT <- "0"
  
 CHARMM>    set nupcbot = 0
 Parameter: NUPCBOT <- "0"
  
 CHARMM>    set nvpcbot = 0
 Parameter: NVPCBOT <- "0"
  
 CHARMM>    set nacabot = 0
 Parameter: NACABOT <- "0"
  
 CHARMM>    set nacnbot = 0
 Parameter: NACNBOT <- "0"
  
 CHARMM>    set nbcabot = 0
 Parameter: NBCABOT <- "0"
  
 CHARMM>    set nbcnbot = 0
 Parameter: NBCNBOT <- "0"
  
 CHARMM>    set nlcabot = 0
 Parameter: NLCABOT <- "0"
  
 CHARMM>    set nlcnbot = 0
 Parameter: NLCNBOT <- "0"
  
 CHARMM>    set npcnbot = 0
 Parameter: NPCNBOT <- "0"
  
 CHARMM>    set nucabot = 0
 Parameter: NUCABOT <- "0"
  
 CHARMM>    set nucnbot = 0
 Parameter: NUCNBOT <- "0"
  
 CHARMM>    set nxcabot = 0
 Parameter: NXCABOT <- "0"
  
 CHARMM>    set nxcnbot = 0
 Parameter: NXCNBOT <- "0"
  
 CHARMM>    set npcabot = 0
 Parameter: NPCABOT <- "0"
  
 CHARMM>    set nbogbot = 0
 Parameter: NBOGBOT <- "0"
  
 CHARMM>    set nddmbot = 0
 Parameter: NDDMBOT <- "0"
  
 CHARMM>    set ndpcbot = 0
 Parameter: NDPCBOT <- "0"
  
 CHARMM>    set neo5bot = 0
 Parameter: NEO5BOT <- "0"
  
 CHARMM>    set nsdsbot = 0
 Parameter: NSDSBOT <- "0"
  
 CHARMM>    set ndbg1bot = 0
 Parameter: NDBG1BOT <- "0"
  
 CHARMM>    set ndbg3bot = 0
 Parameter: NDBG3BOT <- "0"
  
 CHARMM>    set ndfggbot = 0
 Parameter: NDFGGBOT <- "0"
  
 CHARMM>    set ndfmgbot = 0
 Parameter: NDFMGBOT <- "0"
  
 CHARMM>    set ndpg1bot = 0
 Parameter: NDPG1BOT <- "0"
  
 CHARMM>    set ndpg3bot = 0
 Parameter: NDPG3BOT <- "0"
  
 CHARMM>    set ndpggbot = 0
 Parameter: NDPGGBOT <- "0"
  
 CHARMM>    set ndpgsbot = 0
 Parameter: NDPGSBOT <- "0"
  
 CHARMM>    set ndpmgbot = 0
 Parameter: NDPMGBOT <- "0"
  
 CHARMM>    set ndpsgbot = 0
 Parameter: NDPSGBOT <- "0"
  
 CHARMM>    set ndxg1bot = 0
 Parameter: NDXG1BOT <- "0"
  
 CHARMM>    set ndxg3bot = 0
 Parameter: NDXG3BOT <- "0"
  
 CHARMM>    set nfpggbot = 0
 Parameter: NFPGGBOT <- "0"
  
 CHARMM>    set nfpmgbot = 0
 Parameter: NFPMGBOT <- "0"
  
 CHARMM>    set nfpsgbot = 0
 Parameter: NFPSGBOT <- "0"
  
 CHARMM>    set nopggbot = 0
 Parameter: NOPGGBOT <- "0"
  
 CHARMM>    set nopmgbot = 0
 Parameter: NOPMGBOT <- "0"
  
 CHARMM>    set nopsgbot = 0
 Parameter: NOPSGBOT <- "0"
  
 CHARMM>    set npng1bot = 0
 Parameter: NPNG1BOT <- "0"
  
 CHARMM>    set npng3bot = 0
 Parameter: NPNG3BOT <- "0"
  
 CHARMM>    set nxng1bot = 0
 Parameter: NXNG1BOT <- "0"
  
 CHARMM>    set nxng3bot = 0
 Parameter: NXNG3BOT <- "0"
  
 CHARMM>    set nrampbot = 0
 Parameter: NRAMPBOT <- "0"
  
 CHARMM>    set nrempbot = 0
 Parameter: NREMPBOT <- "0"
  
 CHARMM>    set noantbot = 0
 Parameter: NOANTBOT <- "0"
  
 CHARMM>    set ndspcbot = 0
 Parameter: NDSPCBOT <- "0"
  
 CHARMM>    set ndhpebot = 0
 Parameter: NDHPEBOT <- "0"
  
 CHARMM>    set ndspebot = 0
 Parameter: NDSPEBOT <- "0"
  
 VCLOSE: Closing unit   99 with status "KEEP"

                    RETURNING TO INPUT STREAM     5
  
 CHARMM>     
  
 CHARMM>    calc ncharge = 0
Evaluating: 0
 Parameter: NCHARGE <- "0"
  
 CHARMM>    calc ncharge = @ncharge + -1 * ( @nchoatop + @nchoabot )
 Parameter: NCHARGE -> "0"
 Parameter: NCHOATOP -> "0"
 Parameter: NCHOABOT -> "0"
Evaluating: 0+-1*(0+0)
 Parameter: NCHARGE <- "0"
  
 CHARMM>    calc ncharge = @ncharge + -2 * ( @ndapatop + @ndapabot )
 Parameter: NCHARGE -> "0"
 Parameter: NDAPATOP -> "0"
 Parameter: NDAPABOT -> "0"
Evaluating: 0+-2*(0+0)
 Parameter: NCHARGE <- "0"
  
 CHARMM>    calc ncharge = @ncharge + -2 * ( @ndbpatop + @ndbpabot )
 Parameter: NCHARGE -> "0"
 Parameter: NDBPATOP -> "0"
 Parameter: NDBPABOT -> "0"
Evaluating: 0+-2*(0+0)
 Parameter: NCHARGE <- "0"
  
 CHARMM>    calc ncharge = @ncharge + -2 * ( @ndfpatop + @ndfpabot )
 Parameter: NCHARGE -> "0"
 Parameter: NDFPATOP -> "0"
 Parameter: NDFPABOT -> "0"
Evaluating: 0+-2*(0+0)
 Parameter: NCHARGE <- "0"
  
 CHARMM>    calc ncharge = @ncharge + -2 * ( @ndgpatop + @ndgpabot )
 Parameter: NCHARGE -> "0"
 Parameter: NDGPATOP -> "0"
 Parameter: NDGPABOT -> "0"
Evaluating: 0+-2*(0+0)
 Parameter: NCHARGE <- "0"
  
 CHARMM>    calc ncharge = @ncharge + -2 * ( @ndipatop + @ndipabot )
 Parameter: NCHARGE -> "0"
 Parameter: NDIPATOP -> "0"
 Parameter: NDIPABOT -> "0"
Evaluating: 0+-2*(0+0)
 Parameter: NCHARGE <- "0"
  
 CHARMM>    calc ncharge = @ncharge + -2 * ( @ndlpatop + @ndlpabot )
 Parameter: NCHARGE -> "0"
 Parameter: NDLPATOP -> "0"
 Parameter: NDLPABOT -> "0"
Evaluating: 0+-2*(0+0)
 Parameter: NCHARGE <- "0"
  
 CHARMM>    calc ncharge = @ncharge + -2 * ( @ndnpatop + @ndnpabot )
 Parameter: NCHARGE -> "0"
 Parameter: NDNPATOP -> "0"
 Parameter: NDNPABOT -> "0"
Evaluating: 0+-2*(0+0)
 Parameter: NCHARGE <- "0"
  
 CHARMM>    calc ncharge = @ncharge + -2 * ( @ndopatop + @ndopabot )
 Parameter: NCHARGE -> "0"
 Parameter: NDOPATOP -> "0"
 Parameter: NDOPABOT -> "0"
Evaluating: 0+-2*(0+0)
 Parameter: NCHARGE <- "0"
  
 CHARMM>    calc ncharge = @ncharge + -2 * ( @ndppatop + @ndppabot )
 Parameter: NCHARGE -> "0"
 Parameter: NDPPATOP -> "0"
 Parameter: NDPPABOT -> "0"
Evaluating: 0+-2*(0+0)
 Parameter: NCHARGE <- "0"
  
 CHARMM>    calc ncharge = @ncharge + -2 * ( @ndrpatop + @ndrpabot )
 Parameter: NCHARGE -> "0"
 Parameter: NDRPATOP -> "0"
 Parameter: NDRPABOT -> "0"
Evaluating: 0+-2*(0+0)
 Parameter: NCHARGE <- "0"
  
 CHARMM>    calc ncharge = @ncharge + -2 * ( @ndtpatop + @ndtpabot )
 Parameter: NCHARGE -> "0"
 Parameter: NDTPATOP -> "0"
 Parameter: NDTPABOT -> "0"
Evaluating: 0+-2*(0+0)
 Parameter: NCHARGE <- "0"
  
 CHARMM>    calc ncharge = @ncharge + -2 * ( @ndvpatop + @ndvpabot )
 Parameter: NCHARGE -> "0"
 Parameter: NDVPATOP -> "0"
 Parameter: NDVPABOT -> "0"
Evaluating: 0+-2*(0+0)
 Parameter: NCHARGE <- "0"
  
 CHARMM>    calc ncharge = @ncharge + -2 * ( @ndxpatop + @ndxpabot )
 Parameter: NCHARGE -> "0"
 Parameter: NDXPATOP -> "0"
 Parameter: NDXPABOT -> "0"
Evaluating: 0+-2*(0+0)
 Parameter: NCHARGE <- "0"
  
 CHARMM>    calc ncharge = @ncharge + -2 * ( @ndypatop + @ndypabot )
 Parameter: NCHARGE -> "0"
 Parameter: NDYPATOP -> "0"
 Parameter: NDYPABOT -> "0"
Evaluating: 0+-2*(0+0)
 Parameter: NCHARGE <- "0"
  
 CHARMM>    calc ncharge = @ncharge + -2 * ( @nlppatop + @nlppabot )
 Parameter: NCHARGE -> "0"
 Parameter: NLPPATOP -> "0"
 Parameter: NLPPABOT -> "0"
Evaluating: 0+-2*(0+0)
 Parameter: NCHARGE <- "0"
  
 CHARMM>    calc ncharge = @ncharge + -2 * ( @npapatop + @npapabot )
 Parameter: NCHARGE -> "0"
 Parameter: NPAPATOP -> "0"
 Parameter: NPAPABOT -> "0"
Evaluating: 0+-2*(0+0)
 Parameter: NCHARGE <- "0"
  
 CHARMM>    calc ncharge = @ncharge + -2 * ( @npgpatop + @npgpabot )
 Parameter: NCHARGE -> "0"
 Parameter: NPGPATOP -> "0"
 Parameter: NPGPABOT -> "0"
Evaluating: 0+-2*(0+0)
 Parameter: NCHARGE <- "0"
  
 CHARMM>    calc ncharge = @ncharge + -2 * ( @npipatop + @npipabot )
 Parameter: NCHARGE -> "0"
 Parameter: NPIPATOP -> "0"
 Parameter: NPIPABOT -> "0"
Evaluating: 0+-2*(0+0)
 Parameter: NCHARGE <- "0"
  
 CHARMM>    calc ncharge = @ncharge + -2 * ( @npopatop + @npopabot )
 Parameter: NCHARGE -> "0"
 Parameter: NPOPATOP -> "0"
 Parameter: NPOPABOT -> "0"
Evaluating: 0+-2*(0+0)
 Parameter: NCHARGE <- "0"
  
 CHARMM>    calc ncharge = @ncharge + -2 * ( @nprpatop + @nprpabot )
 Parameter: NCHARGE -> "0"
 Parameter: NPRPATOP -> "0"
 Parameter: NPRPABOT -> "0"
Evaluating: 0+-2*(0+0)
 Parameter: NCHARGE <- "0"
  
 CHARMM>    calc ncharge = @ncharge + -2 * ( @npupatop + @npupabot )
 Parameter: NCHARGE -> "0"
 Parameter: NPUPATOP -> "0"
 Parameter: NPUPABOT -> "0"
Evaluating: 0+-2*(0+0)
 Parameter: NCHARGE <- "0"
  
 CHARMM>    calc ncharge = @ncharge + -1 * ( @ndapgtop + @ndapgbot )
 Parameter: NCHARGE -> "0"
 Parameter: NDAPGTOP -> "0"
 Parameter: NDAPGBOT -> "0"
Evaluating: 0+-1*(0+0)
 Parameter: NCHARGE <- "0"
  
 CHARMM>    calc ncharge = @ncharge + -1 * ( @ndbpgtop + @ndbpgbot )
 Parameter: NCHARGE -> "0"
 Parameter: NDBPGTOP -> "0"
 Parameter: NDBPGBOT -> "0"
Evaluating: 0+-1*(0+0)
 Parameter: NCHARGE <- "0"
  
 CHARMM>    calc ncharge = @ncharge + -1 * ( @ndfpgtop + @ndfpgbot )
 Parameter: NCHARGE -> "0"
 Parameter: NDFPGTOP -> "0"
 Parameter: NDFPGBOT -> "0"
Evaluating: 0+-1*(0+0)
 Parameter: NCHARGE <- "0"
  
 CHARMM>    calc ncharge = @ncharge + -1 * ( @ndgpgtop + @ndgpgbot )
 Parameter: NCHARGE -> "0"
 Parameter: NDGPGTOP -> "0"
 Parameter: NDGPGBOT -> "0"
Evaluating: 0+-1*(0+0)
 Parameter: NCHARGE <- "0"
  
 CHARMM>    calc ncharge = @ncharge + -1 * ( @ndipgtop + @ndipgbot )
 Parameter: NCHARGE -> "0"
 Parameter: NDIPGTOP -> "0"
 Parameter: NDIPGBOT -> "0"
Evaluating: 0+-1*(0+0)
 Parameter: NCHARGE <- "0"
  
 CHARMM>    calc ncharge = @ncharge + -1 * ( @ndlpgtop + @ndlpgbot )
 Parameter: NCHARGE -> "0"
 Parameter: NDLPGTOP -> "0"
 Parameter: NDLPGBOT -> "0"
Evaluating: 0+-1*(0+0)
 Parameter: NCHARGE <- "0"
  
 CHARMM>    calc ncharge = @ncharge + -1 * ( @ndnpgtop + @ndnpgbot )
 Parameter: NCHARGE -> "0"
 Parameter: NDNPGTOP -> "0"
 Parameter: NDNPGBOT -> "0"
Evaluating: 0+-1*(0+0)
 Parameter: NCHARGE <- "0"
  
 CHARMM>    calc ncharge = @ncharge + -1 * ( @ndopgtop + @ndopgbot )
 Parameter: NCHARGE -> "0"
 Parameter: NDOPGTOP -> "0"
 Parameter: NDOPGBOT -> "0"
Evaluating: 0+-1*(0+0)
 Parameter: NCHARGE <- "0"
  
 CHARMM>    calc ncharge = @ncharge + -1 * ( @ndppgtop + @ndppgbot )
 Parameter: NCHARGE -> "0"
 Parameter: NDPPGTOP -> "0"
 Parameter: NDPPGBOT -> "0"
Evaluating: 0+-1*(0+0)
 Parameter: NCHARGE <- "0"
  
 CHARMM>    calc ncharge = @ncharge + -1 * ( @ndrpgtop + @ndrpgbot )
 Parameter: NCHARGE -> "0"
 Parameter: NDRPGTOP -> "0"
 Parameter: NDRPGBOT -> "0"
Evaluating: 0+-1*(0+0)
 Parameter: NCHARGE <- "0"
  
 CHARMM>    calc ncharge = @ncharge + -1 * ( @ndtpgtop + @ndtpgbot )
 Parameter: NCHARGE -> "0"
 Parameter: NDTPGTOP -> "0"
 Parameter: NDTPGBOT -> "0"
Evaluating: 0+-1*(0+0)
 Parameter: NCHARGE <- "0"
  
 CHARMM>    calc ncharge = @ncharge + -1 * ( @ndvpgtop + @ndvpgbot )
 Parameter: NCHARGE -> "0"
 Parameter: NDVPGTOP -> "0"
 Parameter: NDVPGBOT -> "0"
Evaluating: 0+-1*(0+0)
 Parameter: NCHARGE <- "0"
  
 CHARMM>    calc ncharge = @ncharge + -1 * ( @ndxpgtop + @ndxpgbot )
 Parameter: NCHARGE -> "0"
 Parameter: NDXPGTOP -> "0"
 Parameter: NDXPGBOT -> "0"
Evaluating: 0+-1*(0+0)
 Parameter: NCHARGE <- "0"
  
 CHARMM>    calc ncharge = @ncharge + -1 * ( @ndypgtop + @ndypgbot )
 Parameter: NCHARGE -> "0"
 Parameter: NDYPGTOP -> "0"
 Parameter: NDYPGBOT -> "0"
Evaluating: 0+-1*(0+0)
 Parameter: NCHARGE <- "0"
  
 CHARMM>    calc ncharge = @ncharge + -1 * ( @njfpgtop + @njfpgbot )
 Parameter: NCHARGE -> "0"
 Parameter: NJFPGTOP -> "0"
 Parameter: NJFPGBOT -> "0"
Evaluating: 0+-1*(0+0)
 Parameter: NCHARGE <- "0"
  
 CHARMM>    calc ncharge = @ncharge + -1 * ( @njppgtop + @njppgbot )
 Parameter: NCHARGE -> "0"
 Parameter: NJPPGTOP -> "0"
 Parameter: NJPPGBOT -> "0"
Evaluating: 0+-1*(0+0)
 Parameter: NCHARGE <- "0"
  
 CHARMM>    calc ncharge = @ncharge + -1 * ( @nlppgtop + @nlppgbot )
 Parameter: NCHARGE -> "0"
 Parameter: NLPPGTOP -> "0"
 Parameter: NLPPGBOT -> "0"
Evaluating: 0+-1*(0+0)
 Parameter: NCHARGE <- "0"
  
 CHARMM>    calc ncharge = @ncharge + -1 * ( @noppgtop + @noppgbot )
 Parameter: NCHARGE -> "0"
 Parameter: NOPPGTOP -> "0"
 Parameter: NOPPGBOT -> "0"
Evaluating: 0+-1*(0+0)
 Parameter: NCHARGE <- "0"
  
 CHARMM>    calc ncharge = @ncharge + -1 * ( @npapgtop + @npapgbot )
 Parameter: NCHARGE -> "0"
 Parameter: NPAPGTOP -> "0"
 Parameter: NPAPGBOT -> "0"
Evaluating: 0+-1*(0+0)
 Parameter: NCHARGE <- "0"
  
 CHARMM>    calc ncharge = @ncharge + -1 * ( @npgpgtop + @npgpgbot )
 Parameter: NCHARGE -> "0"
 Parameter: NPGPGTOP -> "0"
 Parameter: NPGPGBOT -> "0"
Evaluating: 0+-1*(0+0)
 Parameter: NCHARGE <- "0"
  
 CHARMM>    calc ncharge = @ncharge + -1 * ( @npipgtop + @npipgbot )
 Parameter: NCHARGE -> "0"
 Parameter: NPIPGTOP -> "0"
 Parameter: NPIPGBOT -> "0"
Evaluating: 0+-1*(0+0)
 Parameter: NCHARGE <- "0"
  
 CHARMM>    calc ncharge = @ncharge + -1 * ( @npopgtop + @npopgbot )
 Parameter: NCHARGE -> "0"
 Parameter: NPOPGTOP -> "0"
 Parameter: NPOPGBOT -> "0"
Evaluating: 0+-1*(0+0)
 Parameter: NCHARGE <- "0"
  
 CHARMM>    calc ncharge = @ncharge + -1 * ( @nprpgtop + @nprpgbot )
 Parameter: NCHARGE -> "0"
 Parameter: NPRPGTOP -> "0"
 Parameter: NPRPGBOT -> "0"
Evaluating: 0+-1*(0+0)
 Parameter: NCHARGE <- "0"
  
 CHARMM>    calc ncharge = @ncharge + -1 * ( @ndapstop + @ndapsbot )
 Parameter: NCHARGE -> "0"
 Parameter: NDAPSTOP -> "0"
 Parameter: NDAPSBOT -> "0"
Evaluating: 0+-1*(0+0)
 Parameter: NCHARGE <- "0"
  
 CHARMM>    calc ncharge = @ncharge + -1 * ( @ndbpstop + @ndbpsbot )
 Parameter: NCHARGE -> "0"
 Parameter: NDBPSTOP -> "0"
 Parameter: NDBPSBOT -> "0"
Evaluating: 0+-1*(0+0)
 Parameter: NCHARGE <- "0"
  
 CHARMM>    calc ncharge = @ncharge + -1 * ( @ndfpstop + @ndfpsbot )
 Parameter: NCHARGE -> "0"
 Parameter: NDFPSTOP -> "0"
 Parameter: NDFPSBOT -> "0"
Evaluating: 0+-1*(0+0)
 Parameter: NCHARGE <- "0"
  
 CHARMM>    calc ncharge = @ncharge + -1 * ( @ndgpstop + @ndgpsbot )
 Parameter: NCHARGE -> "0"
 Parameter: NDGPSTOP -> "0"
 Parameter: NDGPSBOT -> "0"
Evaluating: 0+-1*(0+0)
 Parameter: NCHARGE <- "0"
  
 CHARMM>    calc ncharge = @ncharge + -1 * ( @ndipstop + @ndipsbot )
 Parameter: NCHARGE -> "0"
 Parameter: NDIPSTOP -> "0"
 Parameter: NDIPSBOT -> "0"
Evaluating: 0+-1*(0+0)
 Parameter: NCHARGE <- "0"
  
 CHARMM>    calc ncharge = @ncharge + -1 * ( @ndlpstop + @ndlpsbot )
 Parameter: NCHARGE -> "0"
 Parameter: NDLPSTOP -> "0"
 Parameter: NDLPSBOT -> "0"
Evaluating: 0+-1*(0+0)
 Parameter: NCHARGE <- "0"
  
 CHARMM>    calc ncharge = @ncharge + -1 * ( @ndnpstop + @ndnpsbot )
 Parameter: NCHARGE -> "0"
 Parameter: NDNPSTOP -> "0"
 Parameter: NDNPSBOT -> "0"
Evaluating: 0+-1*(0+0)
 Parameter: NCHARGE <- "0"
  
 CHARMM>    calc ncharge = @ncharge + -1 * ( @ndopstop + @ndopsbot )
 Parameter: NCHARGE -> "0"
 Parameter: NDOPSTOP -> "0"
 Parameter: NDOPSBOT -> "0"
Evaluating: 0+-1*(0+0)
 Parameter: NCHARGE <- "0"
  
 CHARMM>    calc ncharge = @ncharge + -1 * ( @ndppstop + @ndppsbot )
 Parameter: NCHARGE -> "0"
 Parameter: NDPPSTOP -> "0"
 Parameter: NDPPSBOT -> "0"
Evaluating: 0+-1*(0+0)
 Parameter: NCHARGE <- "0"
  
 CHARMM>    calc ncharge = @ncharge + -1 * ( @ndrpstop + @ndrpsbot )
 Parameter: NCHARGE -> "0"
 Parameter: NDRPSTOP -> "0"
 Parameter: NDRPSBOT -> "0"
Evaluating: 0+-1*(0+0)
 Parameter: NCHARGE <- "0"
  
 CHARMM>    calc ncharge = @ncharge + -1 * ( @ndtpstop + @ndtpsbot )
 Parameter: NCHARGE -> "0"
 Parameter: NDTPSTOP -> "0"
 Parameter: NDTPSBOT -> "0"
Evaluating: 0+-1*(0+0)
 Parameter: NCHARGE <- "0"
  
 CHARMM>    calc ncharge = @ncharge + -1 * ( @ndupstop + @ndupsbot )
 Parameter: NCHARGE -> "0"
 Parameter: NDUPSTOP -> "0"
 Parameter: NDUPSBOT -> "0"
Evaluating: 0+-1*(0+0)
 Parameter: NCHARGE <- "0"
  
 CHARMM>    calc ncharge = @ncharge + -1 * ( @ndvpstop + @ndvpsbot )
 Parameter: NCHARGE -> "0"
 Parameter: NDVPSTOP -> "0"
 Parameter: NDVPSBOT -> "0"
Evaluating: 0+-1*(0+0)
 Parameter: NCHARGE <- "0"
  
 CHARMM>    calc ncharge = @ncharge + -1 * ( @ndxpstop + @ndxpsbot )
 Parameter: NCHARGE -> "0"
 Parameter: NDXPSTOP -> "0"
 Parameter: NDXPSBOT -> "0"
Evaluating: 0+-1*(0+0)
 Parameter: NCHARGE <- "0"
  
 CHARMM>    calc ncharge = @ncharge + -1 * ( @ndypstop + @ndypsbot )
 Parameter: NCHARGE -> "0"
 Parameter: NDYPSTOP -> "0"
 Parameter: NDYPSBOT -> "0"
Evaluating: 0+-1*(0+0)
 Parameter: NCHARGE <- "0"
  
 CHARMM>    calc ncharge = @ncharge + -1 * ( @nlppstop + @nlppsbot )
 Parameter: NCHARGE -> "0"
 Parameter: NLPPSTOP -> "0"
 Parameter: NLPPSBOT -> "0"
Evaluating: 0+-1*(0+0)
 Parameter: NCHARGE <- "0"
  
 CHARMM>    calc ncharge = @ncharge + -1 * ( @npapstop + @npapsbot )
 Parameter: NCHARGE -> "0"
 Parameter: NPAPSTOP -> "0"
 Parameter: NPAPSBOT -> "0"
Evaluating: 0+-1*(0+0)
 Parameter: NCHARGE <- "0"
  
 CHARMM>    calc ncharge = @ncharge + -1 * ( @npgpstop + @npgpsbot )
 Parameter: NCHARGE -> "0"
 Parameter: NPGPSTOP -> "0"
 Parameter: NPGPSBOT -> "0"
Evaluating: 0+-1*(0+0)
 Parameter: NCHARGE <- "0"
  
 CHARMM>    calc ncharge = @ncharge + -1 * ( @npipstop + @npipsbot )
 Parameter: NCHARGE -> "0"
 Parameter: NPIPSTOP -> "0"
 Parameter: NPIPSBOT -> "0"
Evaluating: 0+-1*(0+0)
 Parameter: NCHARGE <- "0"
  
 CHARMM>    calc ncharge = @ncharge + -1 * ( @npopstop + @npopsbot )
 Parameter: NCHARGE -> "0"
 Parameter: NPOPSTOP -> "0"
 Parameter: NPOPSBOT -> "0"
Evaluating: 0+-1*(0+0)
 Parameter: NCHARGE <- "0"
  
 CHARMM>    calc ncharge = @ncharge + -1 * ( @npqpstop + @npqpsbot )
 Parameter: NCHARGE -> "0"
 Parameter: NPQPSTOP -> "0"
 Parameter: NPQPSBOT -> "0"
Evaluating: 0+-1*(0+0)
 Parameter: NCHARGE <- "0"
  
 CHARMM>    calc ncharge = @ncharge + -1 * ( @nprpstop + @nprpsbot )
 Parameter: NCHARGE -> "0"
 Parameter: NPRPSTOP -> "0"
 Parameter: NPRPSBOT -> "0"
Evaluating: 0+-1*(0+0)
 Parameter: NCHARGE <- "0"
  
 CHARMM>    calc ncharge = @ncharge + -1 * ( @npupstop + @npupsbot )
 Parameter: NCHARGE -> "0"
 Parameter: NPUPSTOP -> "0"
 Parameter: NPUPSBOT -> "0"
Evaluating: 0+-1*(0+0)
 Parameter: NCHARGE <- "0"
  
 CHARMM>    calc ncharge = @ncharge + -3 * ( @ndpp1top + @ndpp1bot )
 Parameter: NCHARGE -> "0"
 Parameter: NDPP1TOP -> "0"
 Parameter: NDPP1BOT -> "0"
Evaluating: 0+-3*(0+0)
 Parameter: NCHARGE <- "0"
  
 CHARMM>    calc ncharge = @ncharge + -5 * ( @ndpp2top + @ndpp2bot )
 Parameter: NCHARGE -> "0"
 Parameter: NDPP2TOP -> "0"
 Parameter: NDPP2BOT -> "0"
Evaluating: 0+-5*(0+0)
 Parameter: NCHARGE <- "0"
  
 CHARMM>    calc ncharge = @ncharge + -1 * ( @ndppitop + @ndppibot )
 Parameter: NCHARGE -> "0"
 Parameter: NDPPITOP -> "0"
 Parameter: NDPPIBOT -> "0"
Evaluating: 0+-1*(0+0)
 Parameter: NCHARGE <- "0"
  
 CHARMM>    calc ncharge = @ncharge + -1 * ( @npapitop + @npapibot )
 Parameter: NCHARGE -> "0"
 Parameter: NPAPITOP -> "0"
 Parameter: NPAPIBOT -> "0"
Evaluating: 0+-1*(0+0)
 Parameter: NCHARGE <- "0"
  
 CHARMM>    calc ncharge = @ncharge + -1 * ( @npipitop + @npipibot )
 Parameter: NCHARGE -> "0"
 Parameter: NPIPITOP -> "0"
 Parameter: NPIPIBOT -> "0"
Evaluating: 0+-1*(0+0)
 Parameter: NCHARGE <- "0"
  
 CHARMM>    calc ncharge = @ncharge + -3 * ( @npop1top + @npop1bot )
 Parameter: NCHARGE -> "0"
 Parameter: NPOP1TOP -> "0"
 Parameter: NPOP1BOT -> "0"
Evaluating: 0+-3*(0+0)
 Parameter: NCHARGE <- "0"
  
 CHARMM>    calc ncharge = @ncharge + -5 * ( @npop2top + @npop2bot )
 Parameter: NCHARGE -> "0"
 Parameter: NPOP2TOP -> "0"
 Parameter: NPOP2BOT -> "0"
Evaluating: 0+-5*(0+0)
 Parameter: NCHARGE <- "0"
  
 CHARMM>    calc ncharge = @ncharge + -7 * ( @npop3top + @npop3bot )
 Parameter: NCHARGE -> "0"
 Parameter: NPOP3TOP -> "0"
 Parameter: NPOP3BOT -> "0"
Evaluating: 0+-7*(0+0)
 Parameter: NCHARGE <- "0"
  
 CHARMM>    calc ncharge = @ncharge + -1 * ( @npopitop + @npopibot )
 Parameter: NCHARGE -> "0"
 Parameter: NPOPITOP -> "0"
 Parameter: NPOPIBOT -> "0"
Evaluating: 0+-1*(0+0)
 Parameter: NCHARGE <- "0"
  
 CHARMM>    calc ncharge = @ncharge + -1 * ( @npupitop + @npupibot )
 Parameter: NCHARGE -> "0"
 Parameter: NPUPITOP -> "0"
 Parameter: NPUPIBOT -> "0"
Evaluating: 0+-1*(0+0)
 Parameter: NCHARGE <- "0"
  
 CHARMM>    calc ncharge = @ncharge + -3 * ( @npvp1top + @npvp1bot )
 Parameter: NCHARGE -> "0"
 Parameter: NPVP1TOP -> "0"
 Parameter: NPVP1BOT -> "0"
Evaluating: 0+-3*(0+0)
 Parameter: NCHARGE <- "0"
  
 CHARMM>    calc ncharge = @ncharge + -5 * ( @npvp2top + @npvp2bot )
 Parameter: NCHARGE -> "0"
 Parameter: NPVP2TOP -> "0"
 Parameter: NPVP2BOT -> "0"
Evaluating: 0+-5*(0+0)
 Parameter: NCHARGE <- "0"
  
 CHARMM>    calc ncharge = @ncharge + -7 * ( @npvp3top + @npvp3bot )
 Parameter: NCHARGE -> "0"
 Parameter: NPVP3TOP -> "0"
 Parameter: NPVP3BOT -> "0"
Evaluating: 0+-7*(0+0)
 Parameter: NCHARGE <- "0"
  
 CHARMM>    calc ncharge = @ncharge + -1 * ( @npvpitop + @npvpibot )
 Parameter: NCHARGE -> "0"
 Parameter: NPVPITOP -> "0"
 Parameter: NPVPIBOT -> "0"
Evaluating: 0+-1*(0+0)
 Parameter: NCHARGE <- "0"
  
 CHARMM>    calc ncharge = @ncharge + -1 * ( @ncdl1top + @ncdl1bot )
 Parameter: NCHARGE -> "0"
 Parameter: NCDL1TOP -> "0"
 Parameter: NCDL1BOT -> "0"
Evaluating: 0+-1*(0+0)
 Parameter: NCHARGE <- "0"
  
 CHARMM>    calc ncharge = @ncharge + -2 * ( @ncdl2top + @ncdl2bot )
 Parameter: NCHARGE -> "0"
 Parameter: NCDL2TOP -> "0"
 Parameter: NCDL2BOT -> "0"
Evaluating: 0+-2*(0+0)
 Parameter: NCHARGE <- "0"
  
 CHARMM>    calc ncharge = @ncharge + -1 * ( @nacntop + @nacnbot )
 Parameter: NCHARGE -> "0"
 Parameter: NACNTOP -> "0"
 Parameter: NACNBOT -> "0"
Evaluating: 0+-1*(0+0)
 Parameter: NCHARGE <- "0"
  
 CHARMM>    calc ncharge = @ncharge + -1 * ( @nbcntop + @nbcnbot )
 Parameter: NCHARGE -> "0"
 Parameter: NBCNTOP -> "0"
 Parameter: NBCNBOT -> "0"
Evaluating: 0+-1*(0+0)
 Parameter: NCHARGE <- "0"
  
 CHARMM>    calc ncharge = @ncharge + -1 * ( @nlcntop + @nlcnbot )
 Parameter: NCHARGE -> "0"
 Parameter: NLCNTOP -> "0"
 Parameter: NLCNBOT -> "0"
Evaluating: 0+-1*(0+0)
 Parameter: NCHARGE <- "0"
  
 CHARMM>    calc ncharge = @ncharge + -1 * ( @npcntop + @npcnbot )
 Parameter: NCHARGE -> "0"
 Parameter: NPCNTOP -> "0"
 Parameter: NPCNBOT -> "0"
Evaluating: 0+-1*(0+0)
 Parameter: NCHARGE <- "0"
  
 CHARMM>    calc ncharge = @ncharge + -1 * ( @nucntop + @nucnbot )
 Parameter: NCHARGE -> "0"
 Parameter: NUCNTOP -> "0"
 Parameter: NUCNBOT -> "0"
Evaluating: 0+-1*(0+0)
 Parameter: NCHARGE <- "0"
  
 CHARMM>    calc ncharge = @ncharge + -1 * ( @nxcntop + @nxcnbot )
 Parameter: NCHARGE -> "0"
 Parameter: NXCNTOP -> "0"
 Parameter: NXCNBOT -> "0"
Evaluating: 0+-1*(0+0)
 Parameter: NCHARGE <- "0"
  
 CHARMM>    calc ncharge = @ncharge + -1 * ( @nsdstop + @nsdsbot )
 Parameter: NCHARGE -> "0"
 Parameter: NSDSTOP -> "0"
 Parameter: NSDSBOT -> "0"
Evaluating: 0+-1*(0+0)
 Parameter: NCHARGE <- "0"
  
 CHARMM>    calc ncharge = @ncharge + -1 * ( @ndbg1top + @ndbg1bot )
 Parameter: NCHARGE -> "0"
 Parameter: NDBG1TOP -> "0"
 Parameter: NDBG1BOT -> "0"
Evaluating: 0+-1*(0+0)
 Parameter: NCHARGE <- "0"
  
 CHARMM>    calc ncharge = @ncharge + -1 * ( @ndbg3top + @ndbg3bot )
 Parameter: NCHARGE -> "0"
 Parameter: NDBG3TOP -> "0"
 Parameter: NDBG3BOT -> "0"
Evaluating: 0+-1*(0+0)
 Parameter: NCHARGE <- "0"
  
 CHARMM>    calc ncharge = @ncharge + -1 * ( @ndpg1top + @ndpg1bot )
 Parameter: NCHARGE -> "0"
 Parameter: NDPG1TOP -> "0"
 Parameter: NDPG1BOT -> "0"
Evaluating: 0+-1*(0+0)
 Parameter: NCHARGE <- "0"
  
 CHARMM>    calc ncharge = @ncharge + -1 * ( @ndpg3top + @ndpg3bot )
 Parameter: NCHARGE -> "0"
 Parameter: NDPG3TOP -> "0"
 Parameter: NDPG3BOT -> "0"
Evaluating: 0+-1*(0+0)
 Parameter: NCHARGE <- "0"
  
 CHARMM>    calc ncharge = @ncharge + -1 * ( @ndpsgtop + @ndpsgbot )
 Parameter: NCHARGE -> "0"
 Parameter: NDPSGTOP -> "0"
 Parameter: NDPSGBOT -> "0"
Evaluating: 0+-1*(0+0)
 Parameter: NCHARGE <- "0"
  
 CHARMM>    calc ncharge = @ncharge + -1 * ( @ndxg1top + @ndxg1bot )
 Parameter: NCHARGE -> "0"
 Parameter: NDXG1TOP -> "0"
 Parameter: NDXG1BOT -> "0"
Evaluating: 0+-1*(0+0)
 Parameter: NCHARGE <- "0"
  
 CHARMM>    calc ncharge = @ncharge + -1 * ( @ndxg3top + @ndxg3bot )
 Parameter: NCHARGE -> "0"
 Parameter: NDXG3TOP -> "0"
 Parameter: NDXG3BOT -> "0"
Evaluating: 0+-1*(0+0)
 Parameter: NCHARGE <- "0"
  
 CHARMM>    calc ncharge = @ncharge + -1 * ( @nfpsgtop + @nfpsgbot )
 Parameter: NCHARGE -> "0"
 Parameter: NFPSGTOP -> "0"
 Parameter: NFPSGBOT -> "0"
Evaluating: 0+-1*(0+0)
 Parameter: NCHARGE <- "0"
  
 CHARMM>    calc ncharge = @ncharge + -1 * ( @nopsgtop + @nopsgbot )
 Parameter: NCHARGE -> "0"
 Parameter: NOPSGTOP -> "0"
 Parameter: NOPSGBOT -> "0"
Evaluating: 0+-1*(0+0)
 Parameter: NCHARGE <- "0"
  
 CHARMM>    calc ncharge = @ncharge + -1 * ( @npng1top + @npng1bot )
 Parameter: NCHARGE -> "0"
 Parameter: NPNG1TOP -> "0"
 Parameter: NPNG1BOT -> "0"
Evaluating: 0+-1*(0+0)
 Parameter: NCHARGE <- "0"
  
 CHARMM>    calc ncharge = @ncharge + -1 * ( @npng3top + @npng3bot )
 Parameter: NCHARGE -> "0"
 Parameter: NPNG3TOP -> "0"
 Parameter: NPNG3BOT -> "0"
Evaluating: 0+-1*(0+0)
 Parameter: NCHARGE <- "0"
  
 CHARMM>    calc ncharge = @ncharge + -1 * ( @nxng1top + @nxng1bot )
 Parameter: NCHARGE -> "0"
 Parameter: NXNG1TOP -> "0"
 Parameter: NXNG1BOT -> "0"
Evaluating: 0+-1*(0+0)
 Parameter: NCHARGE <- "0"
  
 CHARMM>    calc ncharge = @ncharge + -1 * ( @nxng3top + @nxng3bot )
 Parameter: NCHARGE -> "0"
 Parameter: NXNG3TOP -> "0"
 Parameter: NXNG3BOT -> "0"
Evaluating: 0+-1*(0+0)
 Parameter: NCHARGE <- "0"
  
 CHARMM>    calc ncharge = @ncharge + -10 * ( @nramptop + @nrampbot )
 Parameter: NCHARGE -> "0"
 Parameter: NRAMPTOP -> "0"
 Parameter: NRAMPBOT -> "0"
Evaluating: 0+-10*(0+0)
 Parameter: NCHARGE <- "0"
  
 CHARMM>    calc ncharge = @ncharge + -6 * ( @nremptop + @nrempbot )
 Parameter: NCHARGE -> "0"
 Parameter: NREMPTOP -> "0"
 Parameter: NREMPBOT -> "0"
Evaluating: 0+-6*(0+0)
 Parameter: NCHARGE <- "0"
  
 CHARMM>    calc ncharge = @ncharge + -10 * ( @noanttop + @noantbot )
 Parameter: NCHARGE -> "0"
 Parameter: NOANTTOP -> "0"
 Parameter: NOANTBOT -> "0"
Evaluating: 0+-10*(0+0)
 Parameter: NCHARGE <- "0"
  
 CHARMM>     
  
 CHARMM>    open write card  unit 51 name step3_size.str
 VOPEN> Attempting to open::step3_size.str::
 OPNLGU> Unit 51 opened for WRITE access to /home/charmm-gui/data/www/1542785260/step3_size.str
  
 CHARMM>    write title unit 51
 RDTITL> * SET BOXTYPE  = RECT
 RDTITL> * SET XTLTYPE  = TETRAGONAL
 RDTITL> * SET A        = 187.347805
 RDTITL> * SET B        = 187.347805
 RDTITL> * SET C        = 79
 RDTITL> * SET ALPHA    = 90.0
 RDTITL> * SET BETA     = 90.0
 RDTITL> * SET GAMMA    = 90.0
 RDTITL> * SET ZCEN     = 0
 RDTITL> * SET NLIPTOP  = 569
 RDTITL> * SET NLIPBOT  = 569
 RDTITL> * SET WBOXZ    = 22.5
 RDTITL> * SET WATBOXZ  = 22.5
 RDTITL> * SET NCHARGE  = 0
 RDTITL> *
  
 CHARMM>     
  
 CHARMM>    stop
 VCLOSE: Closing unit   10 with status "KEEP"
 VCLOSE: Closing unit   20 with status "KEEP"
 VCLOSE: Closing unit   51 with status "KEEP"
$$$$$$  New timer profile $$$$$
 Total time                      5.98 Other:            0.00

                    NORMAL TERMINATION BY NORMAL STOP
                    NO WARNINGS WERE ISSUED

                    $$$$$ JOB ACCOUNTING INFORMATION $$$$$
                     ELAPSED TIME:     5.98  SECONDS 
                         CPU TIME:     5.98  SECONDS 
