Log file opened on Thu Dec 13 22:20:27 2018
Host: node51.cluster  pid: 18060  rank ID: 0  number of ranks:  1
                      :-) GROMACS - gmx mdrun, 2016.3 (-:

                            GROMACS is written by:
     Emile Apol      Rossen Apostolov  Herman J.C. Berendsen    Par Bjelkmar   
 Aldert van Buuren   Rudi van Drunen     Anton Feenstra    Gerrit Groenhof  
 Christoph Junghans   Anca Hamuraru    Vincent Hindriksen Dimitrios Karkoulis
    Peter Kasson        Jiri Kraus      Carsten Kutzner      Per Larsson    
  Justin A. Lemkul   Magnus Lundborg   Pieter Meulenhoff    Erik Marklund   
   Teemu Murtola       Szilard Pall       Sander Pronk      Roland Schulz   
  Alexey Shvetsov     Michael Shirts     Alfons Sijbers     Peter Tieleman  
  Teemu Virolainen  Christian Wennberg    Maarten Wolf   
                           and the project leaders:
        Mark Abraham, Berk Hess, Erik Lindahl, and David van der Spoel

Copyright (c) 1991-2000, University of Groningen, The Netherlands.
Copyright (c) 2001-2017, The GROMACS development team at
Uppsala University, Stockholm University and
the Royal Institute of Technology, Sweden.
check out http://www.gromacs.org for more information.

GROMACS is free software; you can redistribute it and/or modify it
under the terms of the GNU Lesser General Public License
as published by the Free Software Foundation; either version 2.1
of the License, or (at your option) any later version.

GROMACS:      gmx mdrun, version 2016.3
Executable:   /home/citrux/software/bin/gmx
Data prefix:  /home/citrux/software
Working dir:  /home/sinegordon/Science/2018_Melatonin/DMPCMelCG/charmm-gui/gromacs
Command line:
  gmx mdrun -deffnm step6.6_equilibration -ntomp 6 -v

GROMACS version:    2016.3
Precision:          single
Memory model:       64 bit
MPI library:        MPI
OpenMP support:     enabled (GMX_OPENMP_MAX_THREADS = 32)
GPU support:        disabled
SIMD instructions:  AVX2_256
FFT library:        Intel MKL
RDTSCP usage:       enabled
TNG support:        enabled
Hwloc support:      disabled
Tracing support:    disabled
Built on:           Mon 22 May 17:33:11 MSK 2017
Built by:           citrux@node40.cluster [CMAKE]
Build OS/arch:      Linux 3.10.0-514.el7.x86_64 x86_64
Build CPU vendor:   Intel
Build CPU brand:    Intel(R) Xeon(R) CPU E5-2650 v3 @ 2.30GHz
Build CPU family:   6   Model: 63   Stepping: 2
Build CPU features: aes apic avx avx2 clfsh cmov cx8 cx16 f16c fma htt lahf mmx msr nonstop_tsc pcid pclmuldq pdcm pdpe1gb popcnt pse rdrnd rdtscp sse2 sse3 sse4.1 sse4.2 ssse3 tdt x2apic
C compiler:         /home/intel/compilers_and_libraries_2017.2.174/linux/mpi/intel64/bin/mpiicc Intel 17.0.0.20170213
C compiler flags:    -march=core-avx2   -mkl=sequential  -std=gnu99  -O3 -DNDEBUG -ip -funroll-all-loops -alias-const -ansi-alias  
C++ compiler:       /home/intel/compilers_and_libraries_2017.2.174/linux/mpi/intel64/bin/mpiicpc Intel 17.0.0.20170213
C++ compiler flags:  -march=core-avx2    -std=c++0x   -O3 -DNDEBUG -ip -funroll-all-loops -alias-const -ansi-alias  


Running on 1 node with total 24 cores, 24 logical cores
Hardware detected on host node51.cluster (the node of MPI rank 0):
  CPU info:
    Vendor: Intel
    Brand:  Intel(R) Xeon(R) CPU E5-2650 v4 @ 2.20GHz
    Family: 6   Model: 79   Stepping: 1
    Features: apic avx avx2 clfsh cmov cx8 cx16 f16c fma hle htt lahf mmx msr nonstop_tsc pcid pclmuldq pdcm pdpe1gb popcnt pse rdrnd rdtscp rtm sse2 sse3 sse4.1 sse4.2 ssse3 tdt x2apic
    SIMD instructions most likely to fit this hardware: AVX2_256
    SIMD instructions selected at GROMACS compile time: AVX2_256

  Hardware topology: Only logical processor count


++++ PLEASE READ AND CITE THE FOLLOWING REFERENCE ++++
M. J. Abraham, T. Murtola, R. Schulz, S. Páll, J. C. Smith, B. Hess, E.
Lindahl
GROMACS: High performance molecular simulations through multi-level
parallelism from laptops to supercomputers
SoftwareX 1 (2015) pp. 19-25
-------- -------- --- Thank You --- -------- --------


++++ PLEASE READ AND CITE THE FOLLOWING REFERENCE ++++
S. Páll, M. J. Abraham, C. Kutzner, B. Hess, E. Lindahl
Tackling Exascale Software Challenges in Molecular Dynamics Simulations with
GROMACS
In S. Markidis & E. Laure (Eds.), Solving Software Challenges for Exascale 8759 (2015) pp. 3-27
-------- -------- --- Thank You --- -------- --------


++++ PLEASE READ AND CITE THE FOLLOWING REFERENCE ++++
S. Pronk, S. Páll, R. Schulz, P. Larsson, P. Bjelkmar, R. Apostolov, M. R.
Shirts, J. C. Smith, P. M. Kasson, D. van der Spoel, B. Hess, and E. Lindahl
GROMACS 4.5: a high-throughput and highly parallel open source molecular
simulation toolkit
Bioinformatics 29 (2013) pp. 845-54
-------- -------- --- Thank You --- -------- --------


++++ PLEASE READ AND CITE THE FOLLOWING REFERENCE ++++
B. Hess and C. Kutzner and D. van der Spoel and E. Lindahl
GROMACS 4: Algorithms for highly efficient, load-balanced, and scalable
molecular simulation
J. Chem. Theory Comput. 4 (2008) pp. 435-447
-------- -------- --- Thank You --- -------- --------


++++ PLEASE READ AND CITE THE FOLLOWING REFERENCE ++++
D. van der Spoel, E. Lindahl, B. Hess, G. Groenhof, A. E. Mark and H. J. C.
Berendsen
GROMACS: Fast, Flexible and Free
J. Comp. Chem. 26 (2005) pp. 1701-1719
-------- -------- --- Thank You --- -------- --------


++++ PLEASE READ AND CITE THE FOLLOWING REFERENCE ++++
E. Lindahl and B. Hess and D. van der Spoel
GROMACS 3.0: A package for molecular simulation and trajectory analysis
J. Mol. Mod. 7 (2001) pp. 306-317
-------- -------- --- Thank You --- -------- --------


++++ PLEASE READ AND CITE THE FOLLOWING REFERENCE ++++
H. J. C. Berendsen, D. van der Spoel and R. van Drunen
GROMACS: A message-passing parallel molecular dynamics implementation
Comp. Phys. Comm. 91 (1995) pp. 43-56
-------- -------- --- Thank You --- -------- --------

Input Parameters:
   integrator                     = md
   tinit                          = 0
   dt                             = 0.02
   nsteps                         = 50000
   init-step                      = 0
   simulation-part                = 1
   comm-mode                      = Linear
   nstcomm                        = 100
   bd-fric                        = 0
   ld-seed                        = -1852038095
   emtol                          = 10
   emstep                         = 0.01
   niter                          = 20
   fcstep                         = 0
   nstcgsteep                     = 1000
   nbfgscorr                      = 10
   rtpi                           = 0.05
   nstxout                        = 0
   nstvout                        = 0
   nstfout                        = 0
   nstlog                         = 1000
   nstcalcenergy                  = 100
   nstenergy                      = 1000
   nstxout-compressed             = 1000
   compressed-x-precision         = 100
   cutoff-scheme                  = Verlet
   nstlist                        = 20
   ns-type                        = Grid
   pbc                            = xyz
   periodic-molecules             = false
   verlet-buffer-tolerance        = 0.005
   rlist                          = 1.348
   coulombtype                    = Reaction-Field
   coulomb-modifier               = Potential-shift
   rcoulomb-switch                = 0
   rcoulomb                       = 1.1
   epsilon-r                      = 2.5
   epsilon-rf                     = inf
   vdw-type                       = Cut-off
   vdw-modifier                   = Potential-shift
   rvdw-switch                    = 0
   rvdw                           = 1.1
   DispCorr                       = No
   table-extension                = 1
   fourierspacing                 = 0.12
   fourier-nx                     = 0
   fourier-ny                     = 0
   fourier-nz                     = 0
   pme-order                      = 4
   ewald-rtol                     = 1e-05
   ewald-rtol-lj                  = 0.001
   lj-pme-comb-rule               = Geometric
   ewald-geometry                 = 0
   epsilon-surface                = 0
   implicit-solvent               = No
   gb-algorithm                   = Still
   nstgbradii                     = 1
   rgbradii                       = 1
   gb-epsilon-solvent             = 80
   gb-saltconc                    = 0
   gb-obc-alpha                   = 1
   gb-obc-beta                    = 0.8
   gb-obc-gamma                   = 4.85
   gb-dielectric-offset           = 0.009
   sa-algorithm                   = Ace-approximation
   sa-surface-tension             = 2.05016
   tcoupl                         = V-rescale
   nsttcouple                     = 20
   nh-chain-length                = 0
   print-nose-hoover-chain-variables = false
   pcoupl                         = Berendsen
   pcoupltype                     = Semiisotropic
   nstpcouple                     = 20
   tau-p                          = 5
   compressibility (3x3):
      compressibility[    0]={ 3.00000e-04,  0.00000e+00,  0.00000e+00}
      compressibility[    1]={ 0.00000e+00,  3.00000e-04,  0.00000e+00}
      compressibility[    2]={ 0.00000e+00,  0.00000e+00,  3.00000e-04}
   ref-p (3x3):
      ref-p[    0]={ 1.00000e+00,  0.00000e+00,  0.00000e+00}
      ref-p[    1]={ 0.00000e+00,  1.00000e+00,  0.00000e+00}
      ref-p[    2]={ 0.00000e+00,  0.00000e+00,  1.00000e+00}
   refcoord-scaling               = All
   posres-com (3):
      posres-com[0]= 0.00000e+00
      posres-com[1]= 0.00000e+00
      posres-com[2]= 0.00000e+00
   posres-comB (3):
      posres-comB[0]= 0.00000e+00
      posres-comB[1]= 0.00000e+00
      posres-comB[2]= 0.00000e+00
   QMMM                           = false
   QMconstraints                  = 0
   QMMMscheme                     = 0
   MMChargeScaleFactor            = 1
qm-opts:
   ngQM                           = 0
   constraint-algorithm           = Lincs
   continuation                   = false
   Shake-SOR                      = false
   shake-tol                      = 0.0001
   lincs-order                    = 4
   lincs-iter                     = 1
   lincs-warnangle                = 30
   nwall                          = 0
   wall-type                      = 9-3
   wall-r-linpot                  = -1
   wall-atomtype[0]               = -1
   wall-atomtype[1]               = -1
   wall-density[0]                = 0
   wall-density[1]                = 0
   wall-ewald-zfac                = 3
   pull                           = false
   rotation                       = false
   interactiveMD                  = false
   disre                          = No
   disre-weighting                = Conservative
   disre-mixed                    = false
   dr-fc                          = 1000
   dr-tau                         = 0
   nstdisreout                    = 100
   orire-fc                       = 0
   orire-tau                      = 0
   nstorireout                    = 100
   free-energy                    = no
   cos-acceleration               = 0
   deform (3x3):
      deform[    0]={ 0.00000e+00,  0.00000e+00,  0.00000e+00}
      deform[    1]={ 0.00000e+00,  0.00000e+00,  0.00000e+00}
      deform[    2]={ 0.00000e+00,  0.00000e+00,  0.00000e+00}
   simulated-tempering            = false
   E-x:
      n = 0
   E-xt:
      n = 0
   E-y:
      n = 0
   E-yt:
      n = 0
   E-z:
      n = 0
   E-zt:
      n = 0
   swapcoords                     = no
   userint1                       = 0
   userint2                       = 0
   userint3                       = 0
   userint4                       = 0
   userreal1                      = 0
   userreal2                      = 0
   userreal3                      = 0
   userreal4                      = 0
grpopts:
   nrdf:     31859.1     78054.9
   ref-t:      310.15      310.15
   tau-t:           1           1
annealing:          No          No
annealing-npoints:           0           0
   acc:	           0           0           0
   nfreeze:           N           N           N
   energygrp-flags[  0]: 0

Using 1 MPI process
Using 6 OpenMP threads 

Cut-off's:   NS: 1.348   Coulomb: 1.1   LJ: 1.1
Reaction-Field:
epsRF = 0, rc = 1.1, krf = 0.375657, crf = 1.36364, epsfac = 55.5742
The electrostatics potential has its minimum at r = 1.1
System total charge: 0.000
Potential shift: LJ r^-12: -3.186e-01 r^-6: -5.645e-01

Using SIMD 4x8 non-bonded kernels

Using full Lennard-Jones parameter combination matrix

Removing pbc first time

Non-default thread affinity set probably by the OpenMP library,
disabling internal thread affinity

Initializing LINear Constraint Solver

++++ PLEASE READ AND CITE THE FOLLOWING REFERENCE ++++
B. Hess
P-LINCS: A Parallel Linear Constraint Solver for molecular simulation
J. Chem. Theory Comput. 4 (2008) pp. 116-122
-------- -------- --- Thank You --- -------- --------

The number of constraints is 22872
570 constraints are involved in constraint triangles,
will apply an additional matrix expansion of order 4 for couplings
between constraints inside triangles
Intra-simulation communication will occur every 20 steps.
Center of mass motion removal mode is Linear
We have the following groups for center of mass motion removal:
  0:  rest

++++ PLEASE READ AND CITE THE FOLLOWING REFERENCE ++++
G. Bussi, D. Donadio and M. Parrinello
Canonical sampling through velocity rescaling
J. Chem. Phys. 126 (2007) pp. 014101
-------- -------- --- Thank You --- -------- --------

There are: 44263 Atoms
There are: 342 VSites

Constraining the starting coordinates (step 0)

Constraining the coordinates at t0-dt (step 0)
RMS relative constraint deviation after constraining: 1.90e-04
Initial temperature: 310.998 K

Started mdrun on rank 0 Thu Dec 13 22:20:27 2018
           Step           Time
              0        0.00000

   Energies (kJ/mol)
           Bond       G96Angle  Improper Dih.        LJ (SR)   Coulomb (SR)
    2.23936e+04    4.74787e+04    1.30673e+02   -4.25435e+05   -2.32686e+05
 Position Rest.      Potential    Kinetic En.   Total Energy    Temperature
    3.18530e-05   -5.88118e+05    1.42855e+05   -4.45262e+05    3.12636e+02
 Pressure (bar)   Constr. rmsd
    2.82707e+01    2.05340e-04

           Step           Time
           1000       20.00000

   Energies (kJ/mol)
           Bond       G96Angle  Improper Dih.        LJ (SR)   Coulomb (SR)
    2.24663e+04    4.78069e+04    1.84152e+02   -4.25518e+05   -2.32000e+05
 Position Rest.      Potential    Kinetic En.   Total Energy    Temperature
    1.33152e+02   -5.86927e+05    1.42869e+05   -4.44058e+05    3.12667e+02
 Pressure (bar)   Constr. rmsd
    2.02055e+00    1.99883e-04

           Step           Time
           2000       40.00000

   Energies (kJ/mol)
           Bond       G96Angle  Improper Dih.        LJ (SR)   Coulomb (SR)
    2.19081e+04    4.78107e+04    1.50353e+02   -4.25149e+05   -2.32943e+05
 Position Rest.      Potential    Kinetic En.   Total Energy    Temperature
    1.52742e+02   -5.88070e+05    1.41662e+05   -4.46408e+05    3.10025e+02
 Pressure (bar)   Constr. rmsd
    2.61370e+01    1.95360e-04

           Step           Time
           3000       60.00000

   Energies (kJ/mol)
           Bond       G96Angle  Improper Dih.        LJ (SR)   Coulomb (SR)
    2.20949e+04    4.79119e+04    1.62149e+02   -4.26912e+05   -2.33499e+05
 Position Rest.      Potential    Kinetic En.   Total Energy    Temperature
    1.87653e+02   -5.90054e+05    1.40998e+05   -4.49057e+05    3.08571e+02
 Pressure (bar)   Constr. rmsd
    1.72022e+01    1.96411e-04

           Step           Time
           4000       80.00000

   Energies (kJ/mol)
           Bond       G96Angle  Improper Dih.        LJ (SR)   Coulomb (SR)
    2.24335e+04    4.84904e+04    1.61032e+02   -4.25483e+05   -2.34436e+05
 Position Rest.      Potential    Kinetic En.   Total Energy    Temperature
    2.08261e+02   -5.88626e+05    1.41174e+05   -4.47453e+05    3.08956e+02
 Pressure (bar)   Constr. rmsd
   -1.49120e+01    2.04768e-04

           Step           Time
           5000      100.00000

   Energies (kJ/mol)
           Bond       G96Angle  Improper Dih.        LJ (SR)   Coulomb (SR)
    2.22421e+04    4.75974e+04    1.50950e+02   -4.26170e+05   -2.32782e+05
 Position Rest.      Potential    Kinetic En.   Total Energy    Temperature
    2.18173e+02   -5.88743e+05    1.42196e+05   -4.46547e+05    3.11194e+02
 Pressure (bar)   Constr. rmsd
   -2.40198e+01    1.97078e-04

           Step           Time
           6000      120.00000

   Energies (kJ/mol)
           Bond       G96Angle  Improper Dih.        LJ (SR)   Coulomb (SR)
    2.22927e+04    4.81075e+04    1.40637e+02   -4.26083e+05   -2.32914e+05
 Position Rest.      Potential    Kinetic En.   Total Energy    Temperature
    2.23331e+02   -5.88232e+05    1.42134e+05   -4.46098e+05    3.11058e+02
 Pressure (bar)   Constr. rmsd
   -8.95807e+00    2.03362e-04

           Step           Time
           7000      140.00000

   Energies (kJ/mol)
           Bond       G96Angle  Improper Dih.        LJ (SR)   Coulomb (SR)
    2.20613e+04    4.83139e+04    1.26311e+02   -4.25125e+05   -2.32247e+05
 Position Rest.      Potential    Kinetic En.   Total Energy    Temperature
    2.29414e+02   -5.86640e+05    1.41415e+05   -4.45225e+05    3.09485e+02
 Pressure (bar)   Constr. rmsd
    2.48197e+00    1.97831e-04

           Step           Time
           8000      160.00000

   Energies (kJ/mol)
           Bond       G96Angle  Improper Dih.        LJ (SR)   Coulomb (SR)
    2.27188e+04    4.78714e+04    1.52533e+02   -4.25572e+05   -2.32409e+05
 Position Rest.      Potential    Kinetic En.   Total Energy    Temperature
    2.19441e+02   -5.87018e+05    1.40769e+05   -4.46249e+05    3.08070e+02
 Pressure (bar)   Constr. rmsd
    9.58309e+00    2.01937e-04

           Step           Time
           9000      180.00000

   Energies (kJ/mol)
           Bond       G96Angle  Improper Dih.        LJ (SR)   Coulomb (SR)
    2.21515e+04    4.80538e+04    1.69594e+02   -4.25793e+05   -2.34211e+05
 Position Rest.      Potential    Kinetic En.   Total Energy    Temperature
    2.33129e+02   -5.89395e+05    1.42160e+05   -4.47235e+05    3.11114e+02
 Pressure (bar)   Constr. rmsd
   -2.21952e+01    1.97821e-04

           Step           Time
          10000      200.00000

   Energies (kJ/mol)
           Bond       G96Angle  Improper Dih.        LJ (SR)   Coulomb (SR)
    2.19954e+04    4.80627e+04    1.69973e+02   -4.24962e+05   -2.34105e+05
 Position Rest.      Potential    Kinetic En.   Total Energy    Temperature
    2.57984e+02   -5.88581e+05    1.40661e+05   -4.47920e+05    3.07833e+02
 Pressure (bar)   Constr. rmsd
   -2.89313e+00    2.00178e-04

           Step           Time
          11000      220.00000

   Energies (kJ/mol)
           Bond       G96Angle  Improper Dih.        LJ (SR)   Coulomb (SR)
    2.24747e+04    4.75168e+04    1.59639e+02   -4.25041e+05   -2.32210e+05
 Position Rest.      Potential    Kinetic En.   Total Energy    Temperature
    2.53557e+02   -5.86846e+05    1.42337e+05   -4.44509e+05    3.11503e+02
 Pressure (bar)   Constr. rmsd
    3.85046e+00    1.96920e-04

           Step           Time
          12000      240.00000

   Energies (kJ/mol)
           Bond       G96Angle  Improper Dih.        LJ (SR)   Coulomb (SR)
    2.21868e+04    4.83964e+04    1.52183e+02   -4.26794e+05   -2.33934e+05
 Position Rest.      Potential    Kinetic En.   Total Energy    Temperature
    2.50945e+02   -5.89742e+05    1.41094e+05   -4.48648e+05    3.08782e+02
 Pressure (bar)   Constr. rmsd
    1.62774e+01    1.99589e-04

           Step           Time
          13000      260.00000

   Energies (kJ/mol)
           Bond       G96Angle  Improper Dih.        LJ (SR)   Coulomb (SR)
    2.23359e+04    4.73034e+04    1.57118e+02   -4.26036e+05   -2.31474e+05
 Position Rest.      Potential    Kinetic En.   Total Energy    Temperature
    2.45827e+02   -5.87468e+05    1.42481e+05   -4.44987e+05    3.11817e+02
 Pressure (bar)   Constr. rmsd
   -7.10031e+00    2.01415e-04

           Step           Time
          14000      280.00000

   Energies (kJ/mol)
           Bond       G96Angle  Improper Dih.        LJ (SR)   Coulomb (SR)
    2.19776e+04    4.79931e+04    1.37567e+02   -4.24647e+05   -2.32420e+05
 Position Rest.      Potential    Kinetic En.   Total Energy    Temperature
    2.66794e+02   -5.86691e+05    1.42757e+05   -4.43935e+05    3.12421e+02
 Pressure (bar)   Constr. rmsd
    9.67682e+00    2.07172e-04

           Step           Time
          15000      300.00000

   Energies (kJ/mol)
           Bond       G96Angle  Improper Dih.        LJ (SR)   Coulomb (SR)
    2.27509e+04    4.78951e+04    1.38778e+02   -4.25797e+05   -2.32342e+05
 Position Rest.      Potential    Kinetic En.   Total Energy    Temperature
    2.78589e+02   -5.87076e+05    1.41073e+05   -4.46003e+05    3.08736e+02
 Pressure (bar)   Constr. rmsd
    2.46877e+01    1.96701e-04

           Step           Time
          16000      320.00000

   Energies (kJ/mol)
           Bond       G96Angle  Improper Dih.        LJ (SR)   Coulomb (SR)
    2.23847e+04    4.80476e+04    1.28268e+02   -4.25275e+05   -2.34115e+05
 Position Rest.      Potential    Kinetic En.   Total Energy    Temperature
    2.50184e+02   -5.88580e+05    1.41979e+05   -4.46601e+05    3.10717e+02
 Pressure (bar)   Constr. rmsd
    1.19285e+01    2.00943e-04

           Step           Time
          17000      340.00000

   Energies (kJ/mol)
           Bond       G96Angle  Improper Dih.        LJ (SR)   Coulomb (SR)
    2.17766e+04    4.77425e+04    1.56901e+02   -4.25727e+05   -2.31868e+05
 Position Rest.      Potential    Kinetic En.   Total Energy    Temperature
    2.61229e+02   -5.87658e+05    1.42322e+05   -4.45336e+05    3.11468e+02
 Pressure (bar)   Constr. rmsd
   -3.86780e+01    1.97520e-04

           Step           Time
          18000      360.00000

   Energies (kJ/mol)
           Bond       G96Angle  Improper Dih.        LJ (SR)   Coulomb (SR)
    2.23744e+04    4.80719e+04    1.53713e+02   -4.26280e+05   -2.31104e+05
 Position Rest.      Potential    Kinetic En.   Total Energy    Temperature
    2.76095e+02   -5.86508e+05    1.41733e+05   -4.44775e+05    3.10180e+02
 Pressure (bar)   Constr. rmsd
   -1.64311e+01    1.96469e-04

           Step           Time
          19000      380.00000

   Energies (kJ/mol)
           Bond       G96Angle  Improper Dih.        LJ (SR)   Coulomb (SR)
    2.21345e+04    4.78649e+04    1.55519e+02   -4.24507e+05   -2.32714e+05
 Position Rest.      Potential    Kinetic En.   Total Energy    Temperature
    2.69785e+02   -5.86797e+05    1.42559e+05   -4.44238e+05    3.11987e+02
 Pressure (bar)   Constr. rmsd
    2.53399e+01    1.99694e-04

           Step           Time
          20000      400.00000

   Energies (kJ/mol)
           Bond       G96Angle  Improper Dih.        LJ (SR)   Coulomb (SR)
    2.25815e+04    4.79511e+04    1.68760e+02   -4.25421e+05   -2.33338e+05
 Position Rest.      Potential    Kinetic En.   Total Energy    Temperature
    2.69973e+02   -5.87788e+05    1.42140e+05   -4.45648e+05    3.11070e+02
 Pressure (bar)   Constr. rmsd
    1.07139e+01    2.01271e-04

           Step           Time
          21000      420.00000

   Energies (kJ/mol)
           Bond       G96Angle  Improper Dih.        LJ (SR)   Coulomb (SR)
    2.26612e+04    4.78965e+04    1.76185e+02   -4.25977e+05   -2.31492e+05
 Position Rest.      Potential    Kinetic En.   Total Energy    Temperature
    2.74696e+02   -5.86461e+05    1.42463e+05   -4.43998e+05    3.11777e+02
 Pressure (bar)   Constr. rmsd
   -7.93910e+00    1.94494e-04

           Step           Time
          22000      440.00000

   Energies (kJ/mol)
           Bond       G96Angle  Improper Dih.        LJ (SR)   Coulomb (SR)
    2.24226e+04    4.79629e+04    1.32494e+02   -4.25487e+05   -2.33035e+05
 Position Rest.      Potential    Kinetic En.   Total Energy    Temperature
    2.61539e+02   -5.87742e+05    1.41901e+05   -4.45842e+05    3.10547e+02
 Pressure (bar)   Constr. rmsd
   -6.58505e+00    1.94498e-04

           Step           Time
          23000      460.00000

   Energies (kJ/mol)
           Bond       G96Angle  Improper Dih.        LJ (SR)   Coulomb (SR)
    2.22668e+04    4.75114e+04    1.43654e+02   -4.25060e+05   -2.32364e+05
 Position Rest.      Potential    Kinetic En.   Total Energy    Temperature
    2.61348e+02   -5.87241e+05    1.42476e+05   -4.44765e+05    3.11807e+02
 Pressure (bar)   Constr. rmsd
    1.37873e+01    1.96945e-04

           Step           Time
          24000      480.00000

   Energies (kJ/mol)
           Bond       G96Angle  Improper Dih.        LJ (SR)   Coulomb (SR)
    2.24664e+04    4.76734e+04    1.52983e+02   -4.25650e+05   -2.32850e+05
 Position Rest.      Potential    Kinetic En.   Total Energy    Temperature
    2.61917e+02   -5.87945e+05    1.40840e+05   -4.47105e+05    3.08225e+02
 Pressure (bar)   Constr. rmsd
    4.17796e+01    2.00077e-04

           Step           Time
          25000      500.00000

   Energies (kJ/mol)
           Bond       G96Angle  Improper Dih.        LJ (SR)   Coulomb (SR)
    2.23548e+04    4.77928e+04    1.36505e+02   -4.24364e+05   -2.33025e+05
 Position Rest.      Potential    Kinetic En.   Total Energy    Temperature
    2.68786e+02   -5.86836e+05    1.42575e+05   -4.44262e+05    3.12022e+02
 Pressure (bar)   Constr. rmsd
    6.48523e+00    2.05696e-04

           Step           Time
          26000      520.00000

   Energies (kJ/mol)
           Bond       G96Angle  Improper Dih.        LJ (SR)   Coulomb (SR)
    2.31556e+04    4.75094e+04    1.62509e+02   -4.25011e+05   -2.32632e+05
 Position Rest.      Potential    Kinetic En.   Total Energy    Temperature
    2.97182e+02   -5.86519e+05    1.42882e+05   -4.43637e+05    3.12694e+02
 Pressure (bar)   Constr. rmsd
   -3.72843e+00    2.02173e-04

           Step           Time
          27000      540.00000

   Energies (kJ/mol)
           Bond       G96Angle  Improper Dih.        LJ (SR)   Coulomb (SR)
    2.23741e+04    4.77645e+04    1.53430e+02   -4.25272e+05   -2.32559e+05
 Position Rest.      Potential    Kinetic En.   Total Energy    Temperature
    2.91827e+02   -5.87247e+05    1.40999e+05   -4.46249e+05    3.08573e+02
 Pressure (bar)   Constr. rmsd
    3.65256e+01    1.99532e-04

           Step           Time
          28000      560.00000

   Energies (kJ/mol)
           Bond       G96Angle  Improper Dih.        LJ (SR)   Coulomb (SR)
    2.18133e+04    4.80300e+04    1.47153e+02   -4.25366e+05   -2.32754e+05
 Position Rest.      Potential    Kinetic En.   Total Energy    Temperature
    2.96401e+02   -5.87833e+05    1.41661e+05   -4.46172e+05    3.10023e+02
 Pressure (bar)   Constr. rmsd
    9.79592e+00    1.92855e-04

           Step           Time
          29000      580.00000

   Energies (kJ/mol)
           Bond       G96Angle  Improper Dih.        LJ (SR)   Coulomb (SR)
    2.19128e+04    4.77282e+04    1.36054e+02   -4.25928e+05   -2.33048e+05
 Position Rest.      Potential    Kinetic En.   Total Energy    Temperature
    2.93710e+02   -5.88905e+05    1.41454e+05   -4.47451e+05    3.09570e+02
 Pressure (bar)   Constr. rmsd
   -3.50666e-01    1.94899e-04

           Step           Time
          30000      600.00000

   Energies (kJ/mol)
           Bond       G96Angle  Improper Dih.        LJ (SR)   Coulomb (SR)
    2.22831e+04    4.80054e+04    1.36242e+02   -4.24048e+05   -2.32590e+05
 Position Rest.      Potential    Kinetic En.   Total Energy    Temperature
    2.82027e+02   -5.85930e+05    1.42567e+05   -4.43363e+05    3.12006e+02
 Pressure (bar)   Constr. rmsd
    2.18589e+01    2.01441e-04

           Step           Time
          31000      620.00000

   Energies (kJ/mol)
           Bond       G96Angle  Improper Dih.        LJ (SR)   Coulomb (SR)
    2.20625e+04    4.74511e+04    1.29048e+02   -4.25567e+05   -2.31070e+05
 Position Rest.      Potential    Kinetic En.   Total Energy    Temperature
    2.75704e+02   -5.86719e+05    1.43249e+05   -4.43470e+05    3.13497e+02
 Pressure (bar)   Constr. rmsd
   -6.00739e+00    1.95184e-04

           Step           Time
          32000      640.00000

   Energies (kJ/mol)
           Bond       G96Angle  Improper Dih.        LJ (SR)   Coulomb (SR)
    2.27625e+04    4.85070e+04    1.47984e+02   -4.25998e+05   -2.33840e+05
 Position Rest.      Potential    Kinetic En.   Total Energy    Temperature
    2.83352e+02   -5.88136e+05    1.42244e+05   -4.45892e+05    3.11298e+02
 Pressure (bar)   Constr. rmsd
   -3.13673e+01    2.07470e-04

           Step           Time
          33000      660.00000

   Energies (kJ/mol)
           Bond       G96Angle  Improper Dih.        LJ (SR)   Coulomb (SR)
    2.23049e+04    4.78763e+04    1.36584e+02   -4.26593e+05   -2.32285e+05
 Position Rest.      Potential    Kinetic En.   Total Energy    Temperature
    2.84163e+02   -5.88276e+05    1.42154e+05   -4.46121e+05    3.11102e+02
 Pressure (bar)   Constr. rmsd
   -9.29417e-01    1.98511e-04

           Step           Time
          34000      680.00000

   Energies (kJ/mol)
           Bond       G96Angle  Improper Dih.        LJ (SR)   Coulomb (SR)
    2.24272e+04    4.81967e+04    1.13685e+02   -4.24925e+05   -2.33240e+05
 Position Rest.      Potential    Kinetic En.   Total Energy    Temperature
    2.86675e+02   -5.87140e+05    1.42276e+05   -4.44864e+05    3.11369e+02
 Pressure (bar)   Constr. rmsd
    1.30817e+01    2.02357e-04

           Step           Time
          35000      700.00000

   Energies (kJ/mol)
           Bond       G96Angle  Improper Dih.        LJ (SR)   Coulomb (SR)
    2.21518e+04    4.75583e+04    1.25046e+02   -4.24329e+05   -2.31462e+05
 Position Rest.      Potential    Kinetic En.   Total Energy    Temperature
    2.77388e+02   -5.85678e+05    1.43185e+05   -4.42494e+05    3.13357e+02
 Pressure (bar)   Constr. rmsd
    2.46600e+01    2.04827e-04

           Step           Time
          36000      720.00000

   Energies (kJ/mol)
           Bond       G96Angle  Improper Dih.        LJ (SR)   Coulomb (SR)
    2.22753e+04    4.78733e+04    1.33601e+02   -4.25581e+05   -2.32716e+05
 Position Rest.      Potential    Kinetic En.   Total Energy    Temperature
    2.93131e+02   -5.87722e+05    1.41996e+05   -4.45726e+05    3.10755e+02
 Pressure (bar)   Constr. rmsd
   -1.45649e+00    2.03979e-04

           Step           Time
          37000      740.00000

   Energies (kJ/mol)
           Bond       G96Angle  Improper Dih.        LJ (SR)   Coulomb (SR)
    2.25411e+04    4.75471e+04    1.32508e+02   -4.24704e+05   -2.32361e+05
 Position Rest.      Potential    Kinetic En.   Total Energy    Temperature
    2.70922e+02   -5.86574e+05    1.42536e+05   -4.44038e+05    3.11937e+02
 Pressure (bar)   Constr. rmsd
   -3.60476e+00    1.97779e-04

           Step           Time
          38000      760.00000

   Energies (kJ/mol)
           Bond       G96Angle  Improper Dih.        LJ (SR)   Coulomb (SR)
    2.18044e+04    4.80985e+04    1.45513e+02   -4.25674e+05   -2.33490e+05
 Position Rest.      Potential    Kinetic En.   Total Energy    Temperature
    2.87552e+02   -5.88828e+05    1.41872e+05   -4.46956e+05    3.10484e+02
 Pressure (bar)   Constr. rmsd
    1.46870e+01    1.97627e-04

           Step           Time
          39000      780.00000

   Energies (kJ/mol)
           Bond       G96Angle  Improper Dih.        LJ (SR)   Coulomb (SR)
    2.27045e+04    4.79702e+04    1.64307e+02   -4.26170e+05   -2.31969e+05
 Position Rest.      Potential    Kinetic En.   Total Energy    Temperature
    2.81360e+02   -5.87019e+05    1.41944e+05   -4.45074e+05    3.10643e+02
 Pressure (bar)   Constr. rmsd
   -8.90979e+00    1.91667e-04

           Step           Time
          40000      800.00000

   Energies (kJ/mol)
           Bond       G96Angle  Improper Dih.        LJ (SR)   Coulomb (SR)
    2.29119e+04    4.80968e+04    1.35173e+02   -4.25210e+05   -2.33261e+05
 Position Rest.      Potential    Kinetic En.   Total Energy    Temperature
    2.63649e+02   -5.87063e+05    1.42307e+05   -4.44756e+05    3.11436e+02
 Pressure (bar)   Constr. rmsd
   -1.86320e+00    2.01127e-04

           Step           Time
          41000      820.00000

   Energies (kJ/mol)
           Bond       G96Angle  Improper Dih.        LJ (SR)   Coulomb (SR)
    2.21344e+04    4.81380e+04    1.28738e+02   -4.25259e+05   -2.33174e+05
 Position Rest.      Potential    Kinetic En.   Total Energy    Temperature
    2.95770e+02   -5.87736e+05    1.42977e+05   -4.44759e+05    3.12903e+02
 Pressure (bar)   Constr. rmsd
    5.38870e+00    2.05900e-04

           Step           Time
          42000      840.00000

   Energies (kJ/mol)
           Bond       G96Angle  Improper Dih.        LJ (SR)   Coulomb (SR)
    2.22075e+04    4.84004e+04    1.77039e+02   -4.24995e+05   -2.33567e+05
 Position Rest.      Potential    Kinetic En.   Total Energy    Temperature
    2.96256e+02   -5.87481e+05    1.42329e+05   -4.45152e+05    3.11484e+02
 Pressure (bar)   Constr. rmsd
   -1.69596e+01    2.01771e-04

           Step           Time
          43000      860.00000

   Energies (kJ/mol)
           Bond       G96Angle  Improper Dih.        LJ (SR)   Coulomb (SR)
    2.25550e+04    4.77171e+04    1.64763e+02   -4.25521e+05   -2.31985e+05
 Position Rest.      Potential    Kinetic En.   Total Energy    Temperature
    3.10846e+02   -5.86758e+05    1.41405e+05   -4.45353e+05    3.09463e+02
 Pressure (bar)   Constr. rmsd
   -4.49490e+00    2.00342e-04

           Step           Time
          44000      880.00000

   Energies (kJ/mol)
           Bond       G96Angle  Improper Dih.        LJ (SR)   Coulomb (SR)
    2.23227e+04    4.78199e+04    1.44394e+02   -4.25165e+05   -2.32815e+05
 Position Rest.      Potential    Kinetic En.   Total Energy    Temperature
    2.95202e+02   -5.87398e+05    1.42083e+05   -4.45315e+05    3.10945e+02
 Pressure (bar)   Constr. rmsd
    1.77356e+01    2.04674e-04

           Step           Time
          45000      900.00000

   Energies (kJ/mol)
           Bond       G96Angle  Improper Dih.        LJ (SR)   Coulomb (SR)
    2.24888e+04    4.85353e+04    1.59367e+02   -4.25980e+05   -2.34817e+05
 Position Rest.      Potential    Kinetic En.   Total Energy    Temperature
    2.76892e+02   -5.89337e+05    1.41179e+05   -4.48158e+05    3.08968e+02
 Pressure (bar)   Constr. rmsd
   -1.39621e+01    2.00413e-04

           Step           Time
          46000      920.00000

   Energies (kJ/mol)
           Bond       G96Angle  Improper Dih.        LJ (SR)   Coulomb (SR)
    2.24056e+04    4.85299e+04    1.21489e+02   -4.25832e+05   -2.34131e+05
 Position Rest.      Potential    Kinetic En.   Total Energy    Temperature
    2.75218e+02   -5.88631e+05    1.40810e+05   -4.47821e+05    3.08161e+02
 Pressure (bar)   Constr. rmsd
   -2.50126e+01    1.99209e-04

           Step           Time
          47000      940.00000

   Energies (kJ/mol)
           Bond       G96Angle  Improper Dih.        LJ (SR)   Coulomb (SR)
    2.31652e+04    4.82679e+04    1.43278e+02   -4.25418e+05   -2.32496e+05
 Position Rest.      Potential    Kinetic En.   Total Energy    Temperature
    2.71582e+02   -5.86066e+05    1.41584e+05   -4.44482e+05    3.09854e+02
 Pressure (bar)   Constr. rmsd
   -2.59691e+00    1.95264e-04

           Step           Time
          48000      960.00000

   Energies (kJ/mol)
           Bond       G96Angle  Improper Dih.        LJ (SR)   Coulomb (SR)
    2.21173e+04    4.85312e+04    1.75820e+02   -4.24789e+05   -2.33522e+05
 Position Rest.      Potential    Kinetic En.   Total Energy    Temperature
    2.96827e+02   -5.87190e+05    1.42027e+05   -4.45162e+05    3.10824e+02
 Pressure (bar)   Constr. rmsd
    4.45083e+01    2.03138e-04

           Step           Time
          49000      980.00000

   Energies (kJ/mol)
           Bond       G96Angle  Improper Dih.        LJ (SR)   Coulomb (SR)
    2.23315e+04    4.81214e+04    1.31712e+02   -4.25943e+05   -2.32788e+05
 Position Rest.      Potential    Kinetic En.   Total Energy    Temperature
    2.95676e+02   -5.87851e+05    1.39932e+05   -4.47919e+05    3.06240e+02
 Pressure (bar)   Constr. rmsd
    2.01430e+01    1.97794e-04

           Step           Time
          50000     1000.00000

Writing checkpoint, step 50000 at Thu Dec 13 22:24:07 2018


   Energies (kJ/mol)
           Bond       G96Angle  Improper Dih.        LJ (SR)   Coulomb (SR)
    2.22395e+04    4.77732e+04    1.72692e+02   -4.25231e+05   -2.33127e+05
 Position Rest.      Potential    Kinetic En.   Total Energy    Temperature
    2.89521e+02   -5.87883e+05    1.42289e+05   -4.45594e+05    3.11397e+02
 Pressure (bar)   Constr. rmsd
    1.97224e+01    2.01572e-04

	<======  ###############  ==>
	<====  A V E R A G E S  ====>
	<==  ###############  ======>

	Statistics over 50001 steps using 501 frames

   Energies (kJ/mol)
           Bond       G96Angle  Improper Dih.        LJ (SR)   Coulomb (SR)
    2.23253e+04    4.79450e+04    1.48504e+02   -4.25418e+05   -2.32695e+05
 Position Rest.      Potential    Kinetic En.   Total Energy    Temperature
    2.61136e+02   -5.87434e+05    1.41969e+05   -4.45465e+05    3.10696e+02
 Pressure (bar)   Constr. rmsd
    8.31158e-01    0.00000e+00

          Box-X          Box-Y          Box-Z
    1.78380e+01    1.78380e+01    7.61201e+00

   Total Virial (kJ/mol)
    4.72575e+04    1.68222e+02   -8.41319e+01
    1.68228e+02    4.74275e+04   -1.12297e+02
   -8.41334e+01   -1.12299e+02    4.71033e+04

   Pressure (bar)
    1.45345e+00   -2.37427e+00    1.08726e+00
   -2.37435e+00   -6.78700e-01    1.60746e+00
    1.08728e+00    1.60749e+00    1.71872e+00

     T-MEMBRANE       T-SOLUTE
    3.09759e+02    3.11079e+02


	M E G A - F L O P S   A C C O U N T I N G

 NB=Group-cutoff nonbonded kernels    NxN=N-by-N cluster Verlet kernels
 RF=Reaction-Field  VdW=Van der Waals  QSTab=quadratic-spline table
 W3=SPC/TIP3p  W4=TIP4p (single or pairs)
 V&F=Potential and force  V=Potential only  F=Force only

 Computing:                               M-Number         M-Flops  % Flops
-----------------------------------------------------------------------------
 Pair Search distance check           30290.826226      272617.436     1.2
 NxN RF Elec. + LJ [F]               309742.149456    11770201.679    51.4
 NxN RF Elec. + LJ [V&F]               3135.139680      169297.543     0.7
 NxN LJ [F]                           75426.896352     2489087.580    10.9
 NxN LJ [V&F]                           763.683296       32838.382     0.1
 NxN RF Electrostatics [F]           250908.313264     7778157.711    34.0
 NxN RF Electrostatics [V&F]           2539.085888       91407.092     0.4
 Shift-X                                111.557105         669.343     0.0
 Bonds                                  466.509330       27524.050     0.1
 Angles                                 870.467409      146238.525     0.6
 Impropers                                5.700114        1185.624     0.0
 Pos. Restr.                             56.901138        2845.057     0.0
 Virial                                 111.669650        2010.054     0.0
 Stop-CM                                 22.391710         223.917     0.0
 P-Coupling                             111.512500         669.075     0.0
 Calc-Ekin                              223.114210        6024.084     0.0
 Lincs                                 1143.668616       68620.117     0.3
 Lincs-Mat                             7511.850684       30047.403     0.1
 Constraint-V                          2287.291488       18298.332     0.1
 Constraint-Vir                          57.202872        1372.869     0.0
 Virtual Site 3                           5.985228         221.453     0.0
 Virtual Site 3out                       11.970456        1041.430     0.0
-----------------------------------------------------------------------------
 Total                                                22910598.754   100.0
-----------------------------------------------------------------------------


     R E A L   C Y C L E   A N D   T I M E   A C C O U N T I N G

On 1 MPI rank, each using 6 OpenMP threads

 Computing:          Num   Num      Call    Wall time         Giga-Cycles
                     Ranks Threads  Count      (s)         total sum    %
-----------------------------------------------------------------------------
 Vsite constr.          1    6      50001       0.458          6.040   0.2
 Neighbor search        1    6       2501      18.570        245.145   8.4
 Force                  1    6      50001     176.409       2328.820  79.8
 NB X/F buffer ops.     1    6      97501       4.897         64.642   2.2
 Vsite spread           1    6      52502       0.613          8.088   0.3
 Write traj.            1    6         51       0.548          7.239   0.2
 Update                 1    6      50001       4.799         63.355   2.2
 Constraints            1    6      50001      14.073        185.787   6.4
 Rest                                           0.783         10.335   0.4
-----------------------------------------------------------------------------
 Total                                        221.150       2919.450 100.0
-----------------------------------------------------------------------------

               Core t (s)   Wall t (s)        (%)
       Time:     1326.897      221.150      600.0
                 (ns/day)    (hour/ns)
Performance:      390.694        0.061
Finished mdrun on rank 0 Thu Dec 13 22:24:08 2018
